2021.01.28, 10:23:20.0681 UTC -> 1	STSHBS01A000	lxbi5xvb
2021.01.28, 10:23:20.0682 UTC -> 2	STSHBS01A001	r7buq5ef
2021.01.28, 10:23:20.0682 UTC -> 3	STSHBS01A002	k0k04u8y
2021.01.28, 10:23:20.0682 UTC -> 4	STSHBS01A003	1nk7vizi
2021.01.28, 10:23:20.0682 UTC -> 5	STSHBS01B000	od1egkoe
2021.01.28, 10:23:20.0682 UTC -> 6	STSHBS01B001	z5ncmu0k
2021.01.28, 10:23:20.0682 UTC -> 7	STSHBS01B002	d2bixioq
2021.01.28, 10:23:20.0682 UTC -> 8	STSHBS01B003	8hdofyar
2021.01.28, 10:23:20.0682 UTC -> 9	STSHBS01B004	22a2zthq
2021.01.28, 10:23:20.0682 UTC -> 10	STSHBS01B005	gexv92dd
2021.01.28, 10:23:20.0682 UTC -> 11	STSHBS01C000	o50io7f9
2021.01.28, 10:23:20.0682 UTC -> 12	STSHBS01C001	lr77cg5n
2021.01.28, 10:23:20.0682 UTC -> 13	STSHBS01C002	b2u3w8ka
2021.01.28, 10:23:20.0683 UTC -> 14	STSHBS01C003	x31pvrjo
2021.01.28, 10:23:20.0683 UTC -> 15	STSHBS01C004	n0r9pdog
2021.01.28, 10:23:20.0683 UTC -> 16	STSHBS01C005	gcqjlygm
2021.01.28, 10:23:20.0683 UTC -> 17	STSHBS01C006	wnwk7jat
2021.01.28, 10:23:20.0683 UTC -> 18	STSHBS01C007	ur240z4s
2021.01.28, 10:23:20.0683 UTC -> 19	STSHBS01C008	jlx141ae
2021.01.28, 10:23:20.0683 UTC -> 20	STSHBS01C009	gkffu97z
2021.01.28, 10:23:20.0683 UTC -> 21	STSHBS01C010	ffyr07pv
2021.01.28, 10:23:20.0683 UTC -> 22	STSHBS01C011	gxnc89ab
2021.01.28, 10:23:20.0683 UTC -> 23	STSHBS01C012	wmsc1if6
2021.01.28, 10:23:20.0683 UTC -> 24	STSHBS01C013	5n6v0dcv
2021.01.28, 10:23:20.0683 UTC -> 25	STSHBS01C014	q6i9x75h
2021.01.28, 10:23:20.0683 UTC -> 26	STSHBS01C015	v7s5676q
2021.01.28, 10:23:20.0683 UTC -> 27	STSHBS01D000	skuzep9a
2021.01.28, 10:23:20.0683 UTC -> 28	STSHBS01D001	o3pxe1bc
2021.01.28, 10:23:20.0683 UTC -> 30	STSHBS01D003	0xocujzc
2021.01.28, 10:23:20.0683 UTC -> 29	STSHBS01D002	mhegpovs
2021.01.28, 10:23:20.0683 UTC -> 32	STSHBS01D005	7n2dzozg
2021.01.28, 10:23:20.0683 UTC -> 31	STSHBS01D004	h6aceneu
2021.01.28, 10:23:20.0683 UTC -> 34	STSHBS01D007	3swhbfuq
2021.01.28, 10:23:20.0683 UTC -> 33	STSHBS01D006	xhuvgkrq
2021.01.28, 10:23:20.0683 UTC -> 35	STSHBS01D008	gliv74zw
2021.01.28, 10:23:20.0684 UTC -> 36	STSHBS01D009	kokgjrhr
2021.01.28, 10:23:20.0684 UTC -> 37	STSHBS01D010	k4oaw28y
2021.01.28, 10:23:20.0684 UTC -> 38	STSHBS01D011	96dpxoie
2021.01.28, 10:23:20.0684 UTC -> 39	STSHBS01E000	b24qvr28
2021.01.28, 10:23:20.0684 UTC -> 40	STSHBS01E001	k5ux3xck
2021.01.28, 10:23:20.0684 UTC -> 41	STSHBS01E002	pq62yjv4
2021.01.28, 10:23:20.0684 UTC -> 42	STSHBS01E003	p113sdoo
2021.01.28, 10:23:20.0684 UTC -> 43	STSHBS01F000	tin0epi9
2021.01.28, 10:23:20.0684 UTC -> 44	STSHBS01G000	1t58t2vx
2021.01.28, 10:23:20.0684 UTC -> 45	STSHBS01G001	onv8sn9s
2021.01.28, 10:23:20.0684 UTC -> 46	STSHXH01A000	f95yo3ep
2021.01.28, 10:23:20.0685 UTC -> 47	STSHXH01A001	r6flum58
2021.01.28, 10:23:20.0685 UTC -> 49	STSHXH01A003	32pdi9w8
2021.01.28, 10:23:20.0685 UTC -> 48	STSHXH01A002	b0arvjdg
2021.01.28, 10:23:20.0685 UTC -> 51	STSHXH01B000	zg7mwzqh
2021.01.28, 10:23:20.0685 UTC -> 50	STSHXH01A004	a9ii7gs4
2021.01.28, 10:23:20.0685 UTC -> 52	STSHXH01B001	f1h38qvf
2021.01.28, 10:23:20.0685 UTC -> 53	STSHXH01B002	0agmivca
2021.01.28, 10:23:20.0685 UTC -> 54	STSHXH01B003	o5bod8rh
2021.01.28, 10:23:20.0685 UTC -> 55	STSHXH01B004	rzt3eoh9
2021.01.28, 10:23:20.0685 UTC -> 56	STSHXH01B005	u8bqvbrr
2021.01.28, 10:23:20.0685 UTC -> 57	STSHXH01B006	nssap3ns
2021.01.28, 10:23:20.0685 UTC -> 58	STSHXH01B007	lhb5tpri
2021.01.28, 10:23:20.0685 UTC -> 59	STSHXH01B008	8yxql2c4
2021.01.28, 10:23:20.0685 UTC -> 60	STSHXH01C000	mkawr3lh
2021.01.28, 10:23:20.0685 UTC -> 61	STSHXH01C001	8sc4uc15
2021.01.28, 10:23:20.0685 UTC -> 62	STSHXH01C002	w9ln9cir
2021.01.28, 10:23:20.0685 UTC -> 63	STSHXH01C003	qmtqw1h6
2021.01.28, 10:23:20.0685 UTC -> 64	STSHXH01C004	35wqbhcr
2021.01.28, 10:23:20.0685 UTC -> 65	STSHXH01C005	9bojpzu6
2021.01.28, 10:23:20.0685 UTC -> 66	STSHXH01C006	nzt2fqi2
2021.01.28, 10:23:20.0685 UTC -> 67	STSHXH01C007	rba5sdqs
2021.01.28, 10:23:20.0685 UTC -> 68	STSHXH01C008	m04ex69k
2021.01.28, 10:23:20.0686 UTC -> 69	STSHXH01C009	tiyk4x02
2021.01.28, 10:23:20.0686 UTC -> 70	STSHXH01C010	ojgzpcio
2021.01.28, 10:23:20.0686 UTC -> 71	STSHXH01C011	sgzgc3cp
2021.01.28, 10:23:20.0686 UTC -> 72	STSHXH01C012	ukb6fp1b
2021.01.28, 10:23:20.0686 UTC -> 73	STSHXH01C013	h5lcn8pm
2021.01.28, 10:23:20.0686 UTC -> 74	STSHXH01C014	rdcuteqp
2021.01.28, 10:23:20.0686 UTC -> 75	STSHXH01C015	3tthb2i4
2021.01.28, 10:23:20.0686 UTC -> 76	STSHXH01E000	364o1eag
2021.01.28, 10:23:20.0686 UTC -> 77	STSHXH01E001	3fbmqdeb
2021.01.28, 10:23:20.0686 UTC -> 78	STDTPC01A000	a3xqzt6c
2021.01.28, 10:23:20.0686 UTC -> 79	STDTPC01A001	3fjajok9
2021.01.28, 10:23:20.0686 UTC -> 80	STDTPC01A002	y6w4zbaf
2021.01.28, 10:23:20.0686 UTC -> 81	STDTPC01A003	pc2r0x0i
2021.01.28, 10:23:20.0686 UTC -> 82	STDTPC01A004	s4ak68xd
2021.01.28, 10:23:20.0686 UTC -> 83	STDTPC01A005	m14u5f2s
2021.01.28, 10:23:20.0686 UTC -> 84	STDTPC01B000	6pfmp73m
2021.01.28, 10:23:20.0686 UTC -> 85	STDTPC01B001	sfbc070z
2021.01.28, 10:23:20.0686 UTC -> 86	STDTPC01B002	w6yuvpwl
2021.01.28, 10:23:20.0686 UTC -> 87	STDTPC01B003	lp8mrf1k
2021.01.28, 10:23:20.0686 UTC -> 88	STDTPC01B004	h2jsg0yn
2021.01.28, 10:23:20.0686 UTC -> 89	STDTPC01B005	w300rw1j
2021.01.28, 10:23:20.0686 UTC -> 90	STDTPC01B006	gp08vj2v
2021.01.28, 10:23:20.0686 UTC -> 91	STDTPC01B007	1ikuaoj9
2021.01.28, 10:23:20.0686 UTC -> 92	STDTPC01B008	gu52bbrg
2021.01.28, 10:23:20.0686 UTC -> 93	STDTPC01B009	ohkizadd
2021.01.28, 10:23:20.0686 UTC -> 94	STDTPC01B010	ro6phdmj
2021.01.28, 10:23:20.0687 UTC -> 95	STDTPC01B011	hkm5aart
2021.01.28, 10:23:20.0687 UTC -> 96	STDTPC01B012	aapxoz15
2021.01.28, 10:23:20.0687 UTC -> 97	STDTPC01C000	lyederkd
2021.01.28, 10:23:20.0687 UTC -> 98	STDTPC01C001	x817id4l
2021.01.28, 10:23:20.0687 UTC -> 99	STDTPC01C002	ihz2igbt
2021.01.28, 10:23:20.0687 UTC -> 100	STDTPC01C003	adjii2dn
2021.01.28, 10:23:20.0687 UTC -> 101	STDTPC01C004	qx7x8fso
2021.01.28, 10:23:20.0687 UTC -> 102	STDTPC01C005	t78fin2m
2021.01.28, 10:23:20.0687 UTC -> 103	STDTPC01C006	a6spr03g
2021.01.28, 10:23:20.0687 UTC -> 105	STDTPC01C008	y0kzx5uj
2021.01.28, 10:23:20.0687 UTC -> 104	STDTPC01C007	7g6com7f
2021.01.28, 10:23:20.0687 UTC -> 106	STDTPC01C009	ismf9hmq
2021.01.28, 10:23:20.0687 UTC -> 107	STDTPC01C010	yx6lqnxm
2021.01.28, 10:23:20.0687 UTC -> 108	STDTPC01C011	5zdoa98n
2021.01.28, 10:23:20.0687 UTC -> 109	STDTPC01C012	ok90kuim
2021.01.28, 10:23:20.0687 UTC -> 110	STDTPC01C013	dg59b9mc
2021.01.28, 10:23:20.0687 UTC -> 111	STDTPC01C014	zxdaa28q
2021.01.28, 10:23:20.0687 UTC -> 112	STDTPC01C015	wnzkipdm
2021.01.28, 10:23:20.0687 UTC -> 113	STDTPC01C016	nk3enksw
2021.01.28, 10:23:20.0687 UTC -> 114	STDTPC01C017	sb3t1kob
2021.01.28, 10:23:20.0687 UTC -> 115	STDTPC01C018	wh4mbbxt
2021.01.28, 10:23:20.0687 UTC -> 116	STDTPC01C019	vvovzgih
2021.01.28, 10:23:20.0687 UTC -> 117	STDTPC01D000	pwkxhrhw
2021.01.28, 10:23:20.0687 UTC -> 118	STDTPC01D001	5erwhsfn
2021.01.28, 10:23:20.0687 UTC -> 119	STDTPC01D002	soywofib
2021.01.28, 10:23:20.0688 UTC -> 120	STDTPC01D003	oewwkb6i
2021.01.28, 10:23:20.0688 UTC -> 121	STDTPC01D004	uj42azf8
2021.01.28, 10:23:20.0688 UTC -> 122	STDTPC01D005	niu3157m
2021.01.28, 10:23:20.0688 UTC -> 123	STDTPC01D006	s3emgore
2021.01.28, 10:23:20.0688 UTC -> 124	STDTPC01D007	2fuths6v
2021.01.28, 10:23:20.0688 UTC -> 125	STTJNK01A000	yk6q7ir2
2021.01.28, 10:23:20.0688 UTC -> 126	STTJNK01A001	lq208t63
2021.01.28, 10:23:20.0688 UTC -> 127	STTJNK01A002	d6og3xch
2021.01.28, 10:23:20.0688 UTC -> 128	STTJNK01A003	jiybb0m9
2021.01.28, 10:23:20.0688 UTC -> 130	STTJNK01A005	v8nwvi1i
2021.01.28, 10:23:20.0688 UTC -> 129	STTJNK01A004	3z9zt2lv
2021.01.28, 10:23:20.0688 UTC -> 131	STTJNK01A006	yfbbcqca
2021.01.28, 10:23:20.0688 UTC -> 132	STTJNK01A007	siu8v6mt
2021.01.28, 10:23:20.0688 UTC -> 133	STTJNK01A008	2r3c5vvg
2021.01.28, 10:23:20.0688 UTC -> 134	STTJNK01B000	o7557kg4
2021.01.28, 10:23:20.0688 UTC -> 135	STTJNK01B001	2882pqpp
2021.01.28, 10:23:20.0688 UTC -> 136	STTJNK01B002	6wry8vwn
2021.01.28, 10:23:20.0688 UTC -> 137	STTJNK01B003	1mproxyk
2021.01.28, 10:23:20.0688 UTC -> 138	STTJNK01B004	hbn7k31o
2021.01.28, 10:23:20.0688 UTC -> 139	STTJNK01B005	x71gk2wj
2021.01.28, 10:23:20.0688 UTC -> 140	STTJNK01B006	kuhbu4y5
2021.01.28, 10:23:20.0688 UTC -> 141	STTJNK01B007	vlvr8hsi
2021.01.28, 10:23:20.0688 UTC -> 142	STTJNK01B008	wf31el5o
2021.01.28, 10:23:20.0688 UTC -> 143	STTJNK01B009	taq7und6
2021.01.28, 10:23:20.0689 UTC -> 144	STTJNK01B010	qprar7bm
2021.01.28, 10:23:20.0689 UTC -> 145	STTJNK01B011	0o4azgna
2021.01.28, 10:23:20.0689 UTC -> 146	STTJNK01B012	lp6kgljk
2021.01.28, 10:23:20.0689 UTC -> 147	STTJNK01B013	hog5x3os
2021.01.28, 10:23:20.0689 UTC -> 148	STTJNK01B014	uuqgmh5m
2021.01.28, 10:23:20.0689 UTC -> 149	STTJNK01B015	64f45q1c
2021.01.28, 10:23:20.0689 UTC -> 151	STTJNK01C000	zoy61h6n
2021.01.28, 10:23:20.0689 UTC -> 150	STTJNK01B016	ylyjb89o
2021.01.28, 10:23:20.0689 UTC -> 152	STTJNK01C001	kpubnvy1
2021.01.28, 10:23:20.0689 UTC -> 153	STTJNK01C002	jxueefqw
2021.01.28, 10:23:20.0689 UTC -> 155	STTJNK01C004	x8mspu7m
2021.01.28, 10:23:20.0689 UTC -> 154	STTJNK01C003	85rl69gl
2021.01.28, 10:23:20.0689 UTC -> 156	STTJNK01C005	zhj33hki
2021.01.28, 10:23:20.0689 UTC -> 157	STTJNK01C006	cz08qc5c
2021.01.28, 10:23:20.0689 UTC -> 158	STTJNK01C007	ecwhuonz
2021.01.28, 10:23:20.0689 UTC -> 159	STTJNK01C008	rlhvi6ve
2021.01.28, 10:23:20.0689 UTC -> 160	STTJNK01C009	q4qmuhzs
2021.01.28, 10:23:20.0689 UTC -> 161	STTJNK01C010	0jv6fugr
2021.01.28, 10:23:20.0689 UTC -> 162	STTJNK01C011	hop54pjd
2021.01.28, 10:23:20.0689 UTC -> 163	STTJNK01C012	14maw62k
2021.01.28, 10:23:20.0689 UTC -> 164	STTJNK01C013	pfsk8088
2021.01.28, 10:23:20.0689 UTC -> 165	STTJNK01C014	fsypuhp9
2021.01.28, 10:23:20.0689 UTC -> 166	STTJNK01C015	dg2hya14
2021.01.28, 10:23:20.0689 UTC -> 167	STTJNK01C016	p33hydij
2021.01.28, 10:23:20.0689 UTC -> 168	STTJNK01C017	vgxar5jr
2021.01.28, 10:23:20.0689 UTC -> 169	STTJNK01C018	zt50cmp9
2021.01.28, 10:23:20.0689 UTC -> 170	STTJNK01C019	zze211s8
2021.01.28, 10:23:20.0689 UTC -> 171	STTJNK01C020	mcequqoe
2021.01.28, 10:23:20.0690 UTC -> 172	STTJNK01C021	uz6go36m
2021.01.28, 10:23:20.0690 UTC -> 173	STTJNK01C022	m497rsyc
2021.01.28, 10:23:20.0690 UTC -> 174	STTJNK01C023	7nqa7z5w
2021.01.28, 10:23:20.0690 UTC -> 175	STTJNK01C024	ogtc0u7p
2021.01.28, 10:23:20.0690 UTC -> 176	STTJNK01C025	a7ag86h6
2021.01.28, 10:23:20.0690 UTC -> 177	STTJNK01C026	v3k0ir8r
2021.01.28, 10:23:20.0690 UTC -> 178	STTJNK01C027	o97wqi0e
2021.01.28, 10:23:20.0690 UTC -> 179	STTJNK01C028	fl4l4boa
2021.01.28, 10:23:20.0690 UTC -> 181	STTJNK01C030	ny00608p
2021.01.28, 10:23:20.0690 UTC -> 180	STTJNK01C029	yvngayqu
2021.01.28, 10:23:20.0690 UTC -> 182	STTJNK01C031	tutgdmis
2021.01.28, 10:23:20.0690 UTC -> 183	STTJNK01C032	2kbbvje3
2021.01.28, 10:23:20.0690 UTC -> 184	STTJNK01C033	57j6mwml
2021.01.28, 10:23:20.0690 UTC -> 185	STTJNK01C034	oabhtcgk
2021.01.28, 10:23:20.0690 UTC -> 186	STTJNK01C035	kc3fjl2r
2021.01.28, 10:23:20.0690 UTC -> 188	STTJNK01C037	nox26v7o
2021.01.28, 10:23:20.0690 UTC -> 187	STTJNK01C036	1032i3w5
2021.01.28, 10:23:20.0690 UTC -> 189	STTJNK01C038	cg7ay1gd
2021.01.28, 10:23:20.0690 UTC -> 190	STTJNK01C039	421acg74
2021.01.28, 10:23:20.0690 UTC -> 191	STTJNK01C040	510r9fbm
2021.01.28, 10:23:20.0690 UTC -> 192	STTJNK01D000	83j3vuun
2021.01.28, 10:23:20.0690 UTC -> 194	STTJNK01D002	545u35qe
2021.01.28, 10:23:20.0690 UTC -> 193	STTJNK01D001	levr4xj9
2021.01.28, 10:23:20.0690 UTC -> 195	STTJNK01D003	wox9s4ij
2021.01.28, 10:23:20.0690 UTC -> 196	STTJNK01D004	in4140tp
2021.01.28, 10:23:20.0690 UTC -> 198	STTJNK01D006	jzqtugzf
2021.01.28, 10:23:20.0690 UTC -> 197	STTJNK01D005	csvezkne
2021.01.28, 10:23:20.0690 UTC -> 200	STTJNK01D008	m6bej7jw
2021.01.28, 10:23:20.0690 UTC -> 199	STTJNK01D007	lxbeiqd8
2021.01.28, 10:23:20.0690 UTC -> 201	STTJNK01D009	b1v71aqa
2021.01.28, 10:23:20.0690 UTC -> 202	STTJNK01D010	03ye7i1n
2021.01.28, 10:23:20.0690 UTC -> 203	STTJNK01D011	rhi0iye9
2021.01.28, 10:23:20.0690 UTC -> 204	STTJNK01D012	d69pv6nu
2021.01.28, 10:23:20.0690 UTC -> 205	STTJNK01D013	1v4hgv7r
2021.01.28, 10:23:20.0690 UTC -> 206	STTJNK01D014	ycqrfu0o
2021.01.28, 10:23:20.0691 UTC -> 207	STTJNK01D015	v41ujjk4
2021.01.28, 10:23:20.0691 UTC -> 208	STTJNK01D016	a2zbfxeu
2021.01.28, 10:23:20.0691 UTC -> 209	STTJNK01D017	vxmgx4fp
2021.01.28, 10:23:20.0691 UTC -> 210	STTJNK01D018	313rr93f
2021.01.28, 10:23:20.0691 UTC -> 211	STTJNK01D019	hir4hgl3
2021.01.28, 10:23:20.0691 UTC -> 213	STTJNK01D021	6gu0qvl7
2021.01.28, 10:23:20.0691 UTC -> 212	STTJNK01D020	nfa3j62i
2021.01.28, 10:23:20.0691 UTC -> 214	STTJNK01D022	709fjarp
2021.01.28, 10:23:20.0691 UTC -> 215	STTJNK01D023	kh1uwjrx
2021.01.28, 10:23:20.0691 UTC -> 216	STTJNK01D024	q47fnyme
2021.01.28, 10:23:20.0691 UTC -> 217	STTJNK01D025	kqelzb1v
2021.01.28, 10:23:20.0691 UTC -> 218	STTJNK01D026	m18w5z4r
2021.01.28, 10:23:20.0691 UTC -> 219	STTJNK01D027	7nslmndk
2021.01.28, 10:23:20.0691 UTC -> 220	STTJNK01D028	79vez432
2021.01.28, 10:23:20.0691 UTC -> 221	STTJNK01D029	g9zr20sc
2021.01.28, 10:23:20.0691 UTC -> 222	STTJNK01D030	8hmximzn
2021.01.28, 10:23:20.0691 UTC -> 223	STTJNK01D031	j4neumos
2021.01.28, 10:23:20.0691 UTC -> 224	STTJNK01D032	kib8t05f
2021.01.28, 10:23:20.0691 UTC -> 225	STTJNK01D033	qsp0jsml
2021.01.28, 10:23:20.0691 UTC -> 226	STTJNK01D034	9kqq8i5f
2021.01.28, 10:23:20.0691 UTC -> 227	STTJNK01D035	qtvv13bq
2021.01.28, 10:23:20.0691 UTC -> 228	STTJNK01D036	cadhhyrv
2021.01.28, 10:23:20.0691 UTC -> 229	STTJNK01D037	ietz2qqb
2021.01.28, 10:23:20.0691 UTC -> 230	STTJNK01D038	ntgbw9hx
2021.01.28, 10:23:20.0691 UTC -> 231	STTJNK01D039	n6t9a2ak
2021.01.28, 10:23:20.0691 UTC -> 232	STTJNK01D040	9ec5za1c
2021.01.28, 10:23:20.0691 UTC -> 233	STTJNK01D041	m70l53pg
2021.01.28, 10:23:20.0691 UTC -> 234	STTJNK01D042	khqyojt7
2021.01.28, 10:23:20.0691 UTC -> 235	STTJNK01D043	8pazmht5
2021.01.28, 10:23:20.0691 UTC -> 236	STTJNK01D044	nr1jxf3g
2021.01.28, 10:23:20.0691 UTC -> 237	STTJNK01D045	6mrvp4fl
2021.01.28, 10:23:20.0691 UTC -> 238	STTJNK01D046	clfta999
2021.01.28, 10:23:20.0691 UTC -> 239	STTJNK01D047	4udp9vkm
2021.01.28, 10:23:20.0691 UTC -> 240	STTJNK01D048	sjiofuwz
2021.01.28, 10:23:20.0691 UTC -> 241	STTJNK01D049	wyb2gh4t
2021.01.28, 10:23:20.0691 UTC -> 242	STTJNK01D050	1whaz6l9
2021.01.28, 10:23:20.0691 UTC -> 243	STTJNK01D051	xswlutav
2021.01.28, 10:23:20.0691 UTC -> 244	STTJNK01D052	edpmnfxc
2021.01.28, 10:23:20.0691 UTC -> 245	STTJNK01D053	kqyvz38e
2021.01.28, 10:23:20.0691 UTC -> 246	STTJNK01D054	1hwc8jd4
2021.01.28, 10:23:20.0691 UTC -> 247	STTJNK01D055	ibj1zupo
2021.01.28, 10:23:20.0691 UTC -> 248	STTJNK01E000	yp998blc
2021.01.28, 10:23:20.0691 UTC -> 249	STTJNK01E001	l80d8ieg
2021.01.28, 10:23:20.0691 UTC -> 250	STTJNK01E002	l5627ssq
2021.01.28, 10:23:20.0691 UTC -> 251	STTJNK01E003	658rsrvf
2021.01.28, 10:23:20.0691 UTC -> 252	STTJNK01E004	w16qcd48
2021.01.28, 10:23:20.0692 UTC -> 253	STTJNK01E005	w8jcuayc
2021.01.28, 10:23:20.0692 UTC -> 254	STTJNK01E006	nqj6bn94
2021.01.28, 10:23:20.0692 UTC -> 255	STTJNK01E007	h9hhfyqd
2021.01.28, 10:23:20.0692 UTC -> 256	STTJNK01E008	frd3za6p
2021.01.28, 10:23:20.0692 UTC -> 257	STTJNK01E009	zfcnx70e
2021.01.28, 10:23:20.0692 UTC -> 258	STTJNK01E010	2rrbf9dk
2021.01.28, 10:23:20.0692 UTC -> 259	STTJNK01E011	grf9ejrh
2021.01.28, 10:23:20.0692 UTC -> 260	STTJNK01E012	ni4434mh
2021.01.28, 10:23:20.0692 UTC -> 261	STTJNK01E013	hxar66vl
2021.01.28, 10:23:20.0692 UTC -> 262	STTJNK01E014	dnwnba8j
2021.01.28, 10:23:20.0692 UTC -> 263	STTJNK01E015	jb2fpsdj
2021.01.28, 10:23:20.0692 UTC -> 264	STTJNK01E016	9gt9qv8c
2021.01.28, 10:23:20.0692 UTC -> 265	STTJNK01E017	61qakw1y
2021.01.28, 10:23:20.0692 UTC -> 266	STTJNK01E018	s48sd86q
2021.01.28, 10:23:20.0692 UTC -> 267	STTJNK01E019	fxouf1a9
2021.01.28, 10:23:20.0692 UTC -> 268	STTJNK01E020	45jw2i0h
2021.01.28, 10:23:20.0692 UTC -> 269	STTJNK01E021	zn6fa1yi
2021.01.28, 10:23:20.0692 UTC -> 270	STTJNK01E022	9wipmqjr
2021.01.28, 10:23:20.0692 UTC -> 271	STTJNK01E023	qb44r6ii
2021.01.28, 10:23:20.0692 UTC -> 272	STTJNK01E024	vnmx081x
2021.01.28, 10:23:20.0692 UTC -> 273	STTJNK01E025	p2wqdimj
2021.01.28, 10:23:20.0692 UTC -> 274	STTJNK01E026	o4vokneb
2021.01.28, 10:23:20.0692 UTC -> 275	STTJNK01E027	q86qngud
2021.01.28, 10:23:20.0692 UTC -> 276	STTJNK01E028	s6m2a6aq
2021.01.28, 10:23:20.0692 UTC -> 277	STTJNK01E029	6sjt918h
2021.01.28, 10:23:20.0692 UTC -> 278	STTJNK01E030	hnblyn5w
2021.01.28, 10:23:20.0692 UTC -> 279	STTJNK01E031	fgxa32g9
2021.01.28, 10:23:20.0692 UTC -> 280	STTJNK01E032	jrshoaaq
2021.01.28, 10:23:20.0692 UTC -> 281	STTJNK01E033	04whdhga
2021.01.28, 10:23:20.0692 UTC -> 282	STTJNK01E034	jqscwgsd
2021.01.28, 10:23:20.0692 UTC -> 283	STTJNK01E035	849ae16m
2021.01.28, 10:23:20.0692 UTC -> 284	STTJNK01E036	7h17dgji
2021.01.28, 10:23:20.0692 UTC -> 285	STTJNK01E037	890mepdp
2021.01.28, 10:23:20.0692 UTC -> 286	STTJNK01E038	xtwcnmyk
2021.01.28, 10:23:20.0692 UTC -> 287	STTJNK01E039	gysg3kuo
2021.01.28, 10:23:20.0692 UTC -> 288	STTJNK01E040	qviguj3g
2021.01.28, 10:23:20.0692 UTC -> 289	STTJNK01E041	n9p6no3l
2021.01.28, 10:23:20.0692 UTC -> 290	STTJNK01E042	squ6v4h8
2021.01.28, 10:23:20.0692 UTC -> 291	STTJNK01E043	49l0kjzd
2021.01.28, 10:23:20.0692 UTC -> 292	STTJNK01E044	f8ty17e7
2021.01.28, 10:23:20.0692 UTC -> 293	STTJNK01F000	l9ja70f8
2021.01.28, 10:23:20.0692 UTC -> 294	STTJNK01F001	jfwdq5hr
2021.01.28, 10:23:20.0692 UTC -> 295	STTJNK01F002	e5icu1x5
2021.01.28, 10:23:20.0692 UTC -> 296	STTJNK01F003	kqi62j7j
2021.01.28, 10:23:20.0692 UTC -> 297	STTJNK01F004	xwba0rn8
2021.01.28, 10:23:20.0692 UTC -> 298	STTJNK01F005	zul2s536
2021.01.28, 10:23:20.0692 UTC -> 299	STTJNK01F006	vbvtka0a
2021.01.28, 10:23:20.0692 UTC -> 300	STTJNK01F007	tyyqkhig
2021.01.28, 10:23:20.0692 UTC -> 301	STTJNK01F008	gidv6l6g
2021.01.28, 10:23:20.0692 UTC -> 302	STTJNK01F009	c9bupl7e
2021.01.28, 10:23:20.0693 UTC -> 303	STTJNK01F010	3ztd5xsf
2021.01.28, 10:23:20.0693 UTC -> 304	STTJNK01F011	p0bpyf8b
2021.01.28, 10:23:20.0693 UTC -> 305	STTJNK01F012	95dhner8
2021.01.28, 10:23:20.0693 UTC -> 306	STTJNK01F013	5jlyggp8
2021.01.28, 10:23:20.0693 UTC -> 307	STTJNK01G000	49hzxqnx
2021.01.28, 10:23:20.0693 UTC -> 308	STTJNK01G001	elown3nb
2021.01.28, 10:23:20.0693 UTC -> 309	STTJNK01G002	krjvbuie
2021.01.28, 10:23:20.0693 UTC -> 310	STTJNK01G003	hun93ina
2021.01.28, 10:23:20.0693 UTC -> 311	STTJNK01G004	qo4jk8q2
2021.01.28, 10:23:20.0693 UTC -> 312	STTJNK01G005	5naw5q8c
2021.01.28, 10:23:20.0693 UTC -> 313	STTJNK01G006	2mq5xrr4
2021.01.28, 10:23:20.0693 UTC -> 314	STTJNK01G007	ojtp0vnw
2021.01.28, 10:23:20.0693 UTC -> 315	STTJNK01G008	tna4huu4
2021.01.28, 10:23:20.0693 UTC -> 316	STTJNK01G009	60bkyqbv
2021.01.28, 10:23:20.0693 UTC -> 317	STTJNK01G010	wrdhuyxv
2021.01.28, 10:23:20.0693 UTC -> 318	STTJNK01G011	pwfwqg7m
2021.01.28, 10:23:20.0693 UTC -> 319	STTJNK01G012	yl2gr3wu
2021.01.28, 10:23:20.0693 UTC -> 320	STTJNK01G013	y1rhw562
2021.01.28, 10:23:20.0693 UTC -> 321	STTJNK01G014	g03dseqj
2021.01.28, 10:23:20.0693 UTC -> 322	STTJNK01G015	jeina8ch
2021.01.28, 10:23:20.0693 UTC -> 323	STTJNK01G016	5hdr9bgh
2021.01.28, 10:23:20.0693 UTC -> 324	STTJNK01G017	vjcn826n
2021.01.28, 10:23:20.0693 UTC -> 325	STTYXD01A000	bi09jwh8
2021.01.28, 10:23:20.0693 UTC -> 326	STTYXD01A001	s0k3dwmk
2021.01.28, 10:23:20.0693 UTC -> 327	STTYXD01A002	s34a0r9x
2021.01.28, 10:23:20.0693 UTC -> 328	STTYXD01B000	pjruc4jg
2021.01.28, 10:23:20.0693 UTC -> 329	STTYXD01B001	fhjaonou
2021.01.28, 10:23:20.0693 UTC -> 330	STTYXD01B002	oux3vt6e
2021.01.28, 10:23:20.0693 UTC -> 331	STTYXD01B003	g23ddyvs
2021.01.28, 10:23:20.0693 UTC -> 332	STTYXD01C000	zo1trphs
2021.01.28, 10:23:20.0693 UTC -> 333	STTYXD01C001	kz7fa3ni
2021.01.28, 10:23:20.0693 UTC -> 334	STTYXD01C002	w3o2f387
2021.01.28, 10:23:20.0693 UTC -> 335	STTYXD01C003	282vnysi
2021.01.28, 10:23:20.0693 UTC -> 336	STTYXD01C004	9coog7hp
2021.01.28, 10:23:20.0693 UTC -> 337	STTYXD01C005	kq83q81x
2021.01.28, 10:23:20.0693 UTC -> 338	STTYXD01C006	edjrt617
2021.01.28, 10:23:20.0693 UTC -> 339	STTYXD01C007	9jdvmeep
2021.01.28, 10:23:20.0693 UTC -> 340	STTYXD01C008	96px6e7t
2021.01.28, 10:23:20.0693 UTC -> 341	STTYXD01C009	5jfexjzf
2021.01.28, 10:23:20.0693 UTC -> 342	STTYXD01C010	z6z08dnn
2021.01.28, 10:23:20.0693 UTC -> 343	STTYXD01C011	u4vcm87q
2021.01.28, 10:23:20.0693 UTC -> 344	STTYXD01C012	ejom06gt
2021.01.28, 10:23:20.0693 UTC -> 345	STTYXD01D000	p0chrhsz
2021.01.28, 10:23:20.0693 UTC -> 346	STTYXD01D001	oj32djma
2021.01.28, 10:23:20.0693 UTC -> 347	STTYXD01D002	cvixafph
2021.01.28, 10:23:20.0693 UTC -> 348	STTYXD01D003	xgk115vi
2021.01.28, 10:23:20.0693 UTC -> 349	STTYXD01D004	tr21ce8j
2021.01.28, 10:23:20.0693 UTC -> 350	STTYXD01D005	shtkie3o
2021.01.28, 10:23:20.0693 UTC -> 351	STTYXD01D006	5ukbj0e9
2021.01.28, 10:23:20.0693 UTC -> 352	STTYXD01D007	22d1wj5n
2021.01.28, 10:23:20.0693 UTC -> 353	STTYXD01D008	m79u63o1
2021.01.28, 10:23:20.0693 UTC -> 354	STTYXD01D009	6p99dayi
2021.01.28, 10:23:20.0693 UTC -> 355	STTYXD01D010	5fh9th4b
2021.01.28, 10:23:20.0693 UTC -> 356	STTYXD01D011	i8uiaejq
2021.01.28, 10:23:20.0693 UTC -> 357	STTYXD01D012	s7dfj6zn
2021.01.28, 10:23:20.0694 UTC -> 358	STTYXD01D013	x6dvquk4
2021.01.28, 10:23:20.0694 UTC -> 359	STTYXD01D014	vpt57ht2
2021.01.28, 10:23:20.0694 UTC -> 360	STTYXD01E000	686hooe9
2021.01.28, 10:23:20.0694 UTC -> 361	STTYXD01E001	5066w1yf
2021.01.28, 10:23:20.0694 UTC -> 362	STTYXD01E002	wahe15rt
2021.01.28, 10:23:20.0694 UTC -> 363	STTYXD01E003	fzzspxnn
2021.01.28, 10:23:20.0694 UTC -> 364	STTYXD01E004	fror09xk
2021.01.28, 10:23:20.0694 UTC -> 365	STTYXD01E005	4wdntmr8
2021.01.28, 10:23:20.0694 UTC -> 366	STTYXD01E006	hlhsw4by
2021.01.28, 10:23:20.0694 UTC -> 367	STXAWY01A000	y3sfn6ss
2021.01.28, 10:23:20.0694 UTC -> 368	STXAWY01A001	c7jwtg9o
2021.01.28, 10:23:20.0694 UTC -> 369	STXAWY01A002	z0a46zso
2021.01.28, 10:23:20.0694 UTC -> 370	STXAWY01A003	v9h16ijb
2021.01.28, 10:23:20.0694 UTC -> 371	STXAWY01A004	yk8tb5df
2021.01.28, 10:23:20.0694 UTC -> 372	STXAWY01A005	yzt577lq
2021.01.28, 10:23:20.0694 UTC -> 373	STXAWY01A006	vg494vtj
2021.01.28, 10:23:20.0694 UTC -> 374	STXAWY01A007	z1cz3r0d
2021.01.28, 10:23:20.0694 UTC -> 375	STXAWY01A008	c4fu3a9b
2021.01.28, 10:23:20.0694 UTC -> 376	STXAWY01B000	nafqmgmx
2021.01.28, 10:23:20.0694 UTC -> 377	STXAWY01B001	tt8xb8ui
2021.01.28, 10:23:20.0694 UTC -> 378	STXAWY01B002	ukqwrzhf
2021.01.28, 10:23:20.0694 UTC -> 379	STXAWY01B003	ix4q9i3h
2021.01.28, 10:23:20.0694 UTC -> 380	STXAWY01B004	c1s4i1js
2021.01.28, 10:23:20.0694 UTC -> 381	STXAWY01B005	776ls3i5
2021.01.28, 10:23:20.0694 UTC -> 382	STXAWY01B006	dpkm7zrh
2021.01.28, 10:23:20.0694 UTC -> 383	STXAWY01B007	vpzxih8a
2021.01.28, 10:23:20.0694 UTC -> 384	STXAWY01B008	4295xycj
2021.01.28, 10:23:20.0694 UTC -> 385	STXAWY01B009	qj0ys3fm
2021.01.28, 10:23:20.0694 UTC -> 386	STXAWY01B010	bylokynq
2021.01.28, 10:23:20.0694 UTC -> 387	STXAWY01B011	id63x0se
2021.01.28, 10:23:20.0694 UTC -> 388	STXAWY01B012	9bl9bbfd
2021.01.28, 10:23:20.0694 UTC -> 389	STXAWY01C000	sk9euwrn
2021.01.28, 10:23:20.0694 UTC -> 390	STXAWY01D000	zi875rt8
2021.01.28, 10:23:20.0694 UTC -> 391	STXAWY01D001	xus54ugs
2021.01.28, 10:23:20.0694 UTC -> 392	STXAYT01B000	e6tpndmi
2021.01.28, 10:23:20.0694 UTC -> 393	STXAYT01D000	y95vqvyo
2021.01.28, 10:23:20.0694 UTC -> 394	STXAYT01E000	ifs90sdr
2021.01.28, 10:23:20.0694 UTC -> 395	STWHHS01B000	dbh1j7st
2021.01.28, 10:23:20.0694 UTC -> 396	STWHHS01B001	win263vj
2021.01.28, 10:23:20.0694 UTC -> 397	STWHHS01B002	t1oc2ba2
2021.01.28, 10:23:20.0694 UTC -> 398	STWHHS01B003	wc1yzmom
2021.01.28, 10:23:20.0694 UTC -> 399	STWHHS01B004	ipvbgi7d
2021.01.28, 10:23:20.0694 UTC -> 400	STWHHS01B005	36z6wxxn
2021.01.28, 10:23:20.0694 UTC -> 401	STWHHS01B006	4qpe14ml
2021.01.28, 10:23:20.0694 UTC -> 402	STWHHS01B007	v3shkqhf
2021.01.28, 10:23:20.0694 UTC -> 403	STWHHS01B008	nm3wggkc
2021.01.28, 10:23:20.0694 UTC -> 404	STWHHS01B009	82f7m65i
2021.01.28, 10:23:20.0694 UTC -> 405	STWHHS01B010	mf3jm4mv
2021.01.28, 10:23:20.0694 UTC -> 406	STWHHS01B011	b00bu2ra
2021.01.28, 10:23:20.0694 UTC -> 407	STWHHS01C000	ok6q1d5i
2021.01.28, 10:23:20.0694 UTC -> 408	STWHHS01C001	dftzphvx
2021.01.28, 10:23:20.0694 UTC -> 409	STWHHS01C002	gs0pyuy9
2021.01.28, 10:23:20.0694 UTC -> 410	STWHHS01C003	ds3x4ir3
2021.01.28, 10:23:20.0694 UTC -> 411	STWHHS01C004	doyx9fc8
2021.01.28, 10:23:20.0694 UTC -> 412	STWHHS01C005	dcdln4ao
2021.01.28, 10:23:20.0694 UTC -> 413	STWHHS01C006	gee1fs79
2021.01.28, 10:23:20.0694 UTC -> 414	STWHHS01C007	ga94xzxd
2021.01.28, 10:23:20.0694 UTC -> 415	STWHHS01C008	0h8eh828
2021.01.28, 10:23:20.0694 UTC -> 416	STWHHS01C009	srzum596
2021.01.28, 10:23:20.0695 UTC -> 417	STWHHS01C010	juekdixe
2021.01.28, 10:23:20.0695 UTC -> 418	STWHHS01C011	f5seoxtk
2021.01.28, 10:23:20.0695 UTC -> 419	STWHHS01C012	wl1kxun2
2021.01.28, 10:23:20.0695 UTC -> 420	STWHHS01C013	55at5gok
2021.01.28, 10:23:20.0695 UTC -> 421	STWHHS01C014	s3tgzqxb
2021.01.28, 10:23:20.0695 UTC -> 422	STWHHS01C015	19xy9up3
2021.01.28, 10:23:20.0695 UTC -> 423	STWHHS01C016	fb1eh2ce
2021.01.28, 10:23:20.0695 UTC -> 424	STWHHS01C017	mgetlyig
2021.01.28, 10:23:20.0695 UTC -> 425	STWHHS01C018	defnrbgl
2021.01.28, 10:23:20.0695 UTC -> 426	STWHHS01D000	famkhfaq
2021.01.28, 10:23:20.0695 UTC -> 427	STWHHS01D001	qbt55pbu
2021.01.28, 10:23:20.0695 UTC -> 428	STWHHS01D002	ciz6y9th
2021.01.28, 10:23:20.0695 UTC -> 429	STWHHS01D003	niffpi5k
2021.01.28, 10:23:20.0695 UTC -> 430	STWHHS01D004	sm5qun1e
2021.01.28, 10:23:20.0695 UTC -> 431	STWHHS01D005	er5hzn3o
2021.01.28, 10:23:20.0695 UTC -> 432	STWHHS01E000	3iz99qpp
2021.01.28, 10:23:20.0695 UTC -> 433	STWHHS01E001	p7kif11r
2021.01.28, 10:23:20.0695 UTC -> 434	STWHHS01E002	pzxiw81i
2021.01.28, 10:23:20.0695 UTC -> 435	STWHHS01E003	1zz1i9in
2021.01.28, 10:23:20.0695 UTC -> 436	STWHHS01E004	zfc7hnak
2021.01.28, 10:23:20.0695 UTC -> 437	STWHHS01E005	ed6ivhe6
2021.01.28, 10:23:20.0695 UTC -> 438	STWHHS01E006	nnlk5oic
2021.01.28, 10:23:20.0695 UTC -> 439	STWHHS01E007	rnr1nrcg
2021.01.28, 10:23:20.0695 UTC -> 440	STWHHS01E008	k8nn7b0i
2021.01.28, 10:23:20.0695 UTC -> 441	STWHHS01F000	q1hwmvsf
2021.01.28, 10:23:20.0695 UTC -> 442	STWHHS01F001	ltmhepuc
2021.01.28, 10:23:20.0695 UTC -> 443	STWHHS01F002	xwi42l3p
2021.01.28, 10:23:20.0695 UTC -> 444	STWHHS01F003	45pl2t3l
2021.01.28, 10:23:20.0695 UTC -> 445	STWHHS01G000	gcno8575
2021.01.28, 10:23:20.0695 UTC -> 446	STWHHS01G001	ibtm7ch5
2021.01.28, 10:23:20.0695 UTC -> 447	STWHHS01G002	1rfs76qq
2021.01.28, 10:23:20.0695 UTC -> 448	STWHHS01G003	o42yslfv
2021.01.28, 10:23:20.0695 UTC -> 449	STWHHS01G004	77p70nu6
2021.01.28, 10:23:20.0695 UTC -> 450	STSXYC01B000	uqrgycrs
2021.01.28, 10:23:20.0695 UTC -> 451	STSXYC01B001	4y6h3olo
2021.01.28, 10:23:20.0695 UTC -> 452	STSXYC01B002	53wrvy0e
2021.01.28, 10:23:20.0695 UTC -> 453	STSXYC01C000	sjqao8lo
2021.01.28, 10:23:20.0695 UTC -> 454	STSXYC01C001	v7ss289k
2021.01.28, 10:23:20.0695 UTC -> 455	STSXYC01C002	m5pji17u
2021.01.28, 10:23:20.0695 UTC -> 456	STSXYC01C003	il0is3kb
2021.01.28, 10:23:20.0695 UTC -> 457	STSXYC01C004	gzrvkkh7
2021.01.28, 10:23:20.0695 UTC -> 458	STSXYC01C005	zzesib6t
2021.01.28, 10:23:20.0695 UTC -> 459	STSXYC01C006	7ghrims9
2021.01.28, 10:23:20.0695 UTC -> 460	STSXYC01C007	ie1k72zw
2021.01.28, 10:23:20.0695 UTC -> 461	STSXYC01C008	nz547scc
2021.01.28, 10:23:20.0695 UTC -> 462	STSXYC01C009	gbo7brlt
2021.01.28, 10:23:20.0695 UTC -> 463	STSXYC01C010	kjvmoyjl
2021.01.28, 10:23:20.0695 UTC -> 464	STSXYC01C011	hch81oab
2021.01.28, 10:23:20.0695 UTC -> 465	STSXYC01C012	thm0dkml
2021.01.28, 10:23:20.0695 UTC -> 466	STSXYC01C013	cucs273q
2021.01.28, 10:23:20.0695 UTC -> 467	STSXYC01C014	vroo28nq
2021.01.28, 10:23:20.0695 UTC -> 468	STSXYC01C015	nuj5wxoq
2021.01.28, 10:23:20.0695 UTC -> 469	STSXYC01C016	4k2rqmf1
2021.01.28, 10:23:20.0695 UTC -> 470	STSXYC01C017	7gsj071a
2021.01.28, 10:23:20.0695 UTC -> 471	STSXYC01C018	dlr13qka
2021.01.28, 10:23:20.0695 UTC -> 472	STSXYC01C019	3miz7g0n
2021.01.28, 10:23:20.0695 UTC -> 473	STSXYC01C020	vblpop6r
2021.01.28, 10:23:20.0695 UTC -> 474	STSXYC01C021	o4xzrlaj
2021.01.28, 10:23:20.0695 UTC -> 475	STSXYC01C022	pkio1nln
2021.01.28, 10:23:20.0695 UTC -> 476	STSXYC01D000	otjwuto7
2021.01.28, 10:23:20.0695 UTC -> 477	STSXYC01D001	q2erdj1o
2021.01.28, 10:23:20.0695 UTC -> 478	STSXYC01D002	zkqmw6dn
2021.01.28, 10:23:20.0696 UTC -> 479	STSXYC01D003	fdt7mxcb
2021.01.28, 10:23:20.0696 UTC -> 480	STSXYC01D004	r10kf7ur
2021.01.28, 10:23:20.0696 UTC -> 481	STSXYC01D005	ivouvrcl
2021.01.28, 10:23:20.0696 UTC -> 482	STSXYC01D006	8hhayfhc
2021.01.28, 10:23:20.0696 UTC -> 483	STSXYC01D007	kxy2qxc6
2021.01.28, 10:23:20.0696 UTC -> 484	STSXYC01D008	2otu2hxu
2021.01.28, 10:23:20.0696 UTC -> 485	STSXYC01D009	4pseax7k
2021.01.28, 10:23:20.0696 UTC -> 486	STSXYC01D010	kd576hip
2021.01.28, 10:23:20.0696 UTC -> 487	STSXYC01D011	wuj1l3zb
2021.01.28, 10:23:20.0696 UTC -> 488	STSXYC01D012	2dze1edf
2021.01.28, 10:23:20.0696 UTC -> 489	STSXYC01D013	sni4j4tu
2021.01.28, 10:23:20.0696 UTC -> 490	STSXYC01E000	3g6a1qh7
2021.01.28, 10:23:20.0696 UTC -> 491	STSXYC01E001	6lm3uuxd
2021.01.28, 10:23:20.0696 UTC -> 492	STSXYC01E002	sd0cvynh
2021.01.28, 10:23:20.0696 UTC -> 493	STSXYC01E003	dnqkxn9p
2021.01.28, 10:23:20.0696 UTC -> 494	STSXYC01E004	92kw83ns
2021.01.28, 10:23:20.0696 UTC -> 495	STSXYC01E005	c8g7xjo5
2021.01.28, 10:23:20.0696 UTC -> 496	STSXYC01E006	ne5hh8mo
2021.01.28, 10:23:20.0696 UTC -> 497	STSXXC01A000	j4x67wbo
2021.01.28, 10:23:20.0696 UTC -> 498	STSXXC01A001	by88pxju
2021.01.28, 10:23:20.0696 UTC -> 499	STSXXC01A002	hmhi3rk8
2021.01.28, 10:23:20.0696 UTC -> 500	STSXXC01A003	rpq4wybe
2021.01.28, 10:23:20.0696 UTC -> 501	STSXXC01A004	msnrmgt6
2021.01.28, 10:23:20.0696 UTC -> 502	STSXXC01A005	e8r1ysmt
2021.01.28, 10:23:20.0696 UTC -> 503	STSXXC01A006	1uehro9i
2021.01.28, 10:23:20.0696 UTC -> 504	STSXXC01A007	xhbuzivp
2021.01.28, 10:23:20.0696 UTC -> 505	STSXXC01A008	s41ffid7
2021.01.28, 10:23:20.0696 UTC -> 506	STSXXC01A009	gy2frdri
2021.01.28, 10:23:20.0696 UTC -> 507	STSXXC01A010	oey8fsmi
2021.01.28, 10:23:20.0696 UTC -> 508	STSXXC01A011	5moqfdbv
2021.01.28, 10:23:20.0696 UTC -> 509	STSXXC01A012	5f2u2m4v
2021.01.28, 10:23:20.0696 UTC -> 510	STSXXC01A013	13bbv9c3
2021.01.28, 10:23:20.0696 UTC -> 511	STSXXC01A014	2cm81utu
2021.01.28, 10:23:20.0696 UTC -> 512	STSXXC01A015	9v9pxi6n
2021.01.28, 10:23:20.0696 UTC -> 513	STSXXC01A016	sfpicn5g
2021.01.28, 10:23:20.0696 UTC -> 514	STSXXC01A017	3ea7unpm
2021.01.28, 10:23:20.0696 UTC -> 515	STSXXC01B000	ww7dejkn
2021.01.28, 10:23:20.0696 UTC -> 516	STSXXC01B001	6chjxh1m
2021.01.28, 10:23:20.0696 UTC -> 517	STSXXC01B002	eh9n8vss
2021.01.28, 10:23:20.0696 UTC -> 518	STSXXC01B003	639l5w6t
2021.01.28, 10:23:20.0696 UTC -> 519	STSXXC01B004	08rbt8sr
2021.01.28, 10:23:20.0696 UTC -> 520	STSXXC01B005	zosngesa
2021.01.28, 10:23:20.0696 UTC -> 521	STSXXC01B006	wpfq2nvn
2021.01.28, 10:23:20.0696 UTC -> 522	STSXXC01B007	618un55a
2021.01.28, 10:23:20.0696 UTC -> 523	STSXXC01B008	okxjo1wq
2021.01.28, 10:23:20.0696 UTC -> 524	STSXXC01B009	vsq9ifk7
2021.01.28, 10:23:20.0696 UTC -> 525	STSXXC01B010	42kccpxm
2021.01.28, 10:23:20.0696 UTC -> 526	STSXXC01B011	sqnf093d
2021.01.28, 10:23:20.0696 UTC -> 527	STSXXC01B012	ghfs51to
2021.01.28, 10:23:20.0696 UTC -> 528	STSXXC01B013	k9diob5l
2021.01.28, 10:23:20.0696 UTC -> 529	STSXXC01B014	20n0tq9d
2021.01.28, 10:23:20.0696 UTC -> 530	STFYYZ01A000	8le9l3el
2021.01.28, 10:23:20.0696 UTC -> 531	STFYYZ01A001	x08vad1c
2021.01.28, 10:23:20.0696 UTC -> 532	STFYYZ01A002	e6dgn07f
2021.01.28, 10:23:20.0696 UTC -> 533	STFYYZ01A003	3tpqjmf1
2021.01.28, 10:23:20.0696 UTC -> 534	STFYYZ01A004	xiujtncw
2021.01.28, 10:23:20.0696 UTC -> 535	STFYYZ01A005	85jbdneb
2021.01.28, 10:23:20.0697 UTC -> 536	STFYYZ01A006	de92oib2
2021.01.28, 10:23:20.0697 UTC -> 537	STFYYZ01A007	xamued2a
2021.01.28, 10:23:20.0697 UTC -> 538	STFYYZ01A008	9en0e8vx
2021.01.28, 10:23:20.0697 UTC -> 539	STFYYZ01B000	88zftekp
2021.01.28, 10:23:20.0697 UTC -> 540	STFYYZ01B001	chr9wvhp
2021.01.28, 10:23:20.0697 UTC -> 541	STFYYZ01B002	zsgw0tym
2021.01.28, 10:23:20.0697 UTC -> 542	STFYYZ01B003	f2lp7zeg
2021.01.28, 10:23:20.0697 UTC -> 543	STFYYZ01B004	je7jfcgf
2021.01.28, 10:23:20.0697 UTC -> 544	STFYYZ01B005	n4lwwcp9
2021.01.28, 10:23:20.0697 UTC -> 545	STFYYZ01B006	xpqpsyyq
2021.01.28, 10:23:20.0697 UTC -> 546	STFYYZ01B007	q26c6dfe
2021.01.28, 10:23:20.0697 UTC -> 547	STFYYZ01B008	kux2vjij
2021.01.28, 10:23:20.0697 UTC -> 548	STFYYZ01B009	o3c8ylao
2021.01.28, 10:23:20.0697 UTC -> 549	STFYYZ01B010	lw5hu4om
2021.01.28, 10:23:20.0697 UTC -> 550	STFYYZ01B011	bzq13g27
2021.01.28, 10:23:20.0697 UTC -> 551	STFYYZ01B012	3aluwf22
2021.01.28, 10:23:20.0697 UTC -> 552	STFYYZ01B013	wlizyaat
2021.01.28, 10:23:20.0697 UTC -> 553	STFYYZ01B014	v6acdsew
2021.01.28, 10:23:20.0697 UTC -> 554	STFYYZ01B015	014nytrq
2021.01.28, 10:23:20.0697 UTC -> 555	STFYYZ01B016	3df6dhza
2021.01.28, 10:23:20.0697 UTC -> 556	STFYYZ01B017	7w69w3np
2021.01.28, 10:23:20.0697 UTC -> 557	STFYYZ01C000	6mhf0zk8
2021.01.28, 10:23:20.0697 UTC -> 558	STFYYZ01C001	5vg51fd3
2021.01.28, 10:23:20.0697 UTC -> 559	STFYYZ01C002	h458nxh2
2021.01.28, 10:23:20.0697 UTC -> 560	STFYYZ01C003	5zutk189
2021.01.28, 10:23:20.0697 UTC -> 561	STFYYZ01C004	hg70jb5h
2021.01.28, 10:23:20.0697 UTC -> 562	STFYYZ01C005	7x7jn95r
2021.01.28, 10:23:20.0697 UTC -> 563	STFYYZ01C006	zkvj58t9
2021.01.28, 10:23:20.0697 UTC -> 564	STFYYZ01C007	1cngq1wn
2021.01.28, 10:23:20.0697 UTC -> 565	STFYYZ01C008	tf23twyv
2021.01.28, 10:23:20.0697 UTC -> 566	STFYYZ01C009	tudvlvk3
2021.01.28, 10:23:20.0697 UTC -> 567	STFYYZ01C010	ibnwe7ka
2021.01.28, 10:23:20.0697 UTC -> 568	STFYYZ01C011	rnnwvrdp
2021.01.28, 10:23:20.0697 UTC -> 569	STFYYZ01C012	yb0clvdj
2021.01.28, 10:23:20.0697 UTC -> 570	STFYYZ01C013	7arygqtp
2021.01.28, 10:23:20.0697 UTC -> 571	STFYYZ01C014	77u7ts1y
2021.01.28, 10:23:20.0697 UTC -> 572	STFYYZ01C015	9trwdtml
2021.01.28, 10:23:20.0697 UTC -> 573	STFYYZ01C016	ybdlv499
2021.01.28, 10:23:20.0697 UTC -> 574	STFYYZ01C017	3r8jr867
2021.01.28, 10:23:20.0697 UTC -> 575	STFYYZ01C018	rm3lomkm
2021.01.28, 10:23:20.0697 UTC -> 576	STFYYZ01C019	hsnikplf
2021.01.28, 10:23:20.0697 UTC -> 577	STFYYZ01C020	hh0112hs
2021.01.28, 10:23:20.0697 UTC -> 578	STFYYZ01C021	cvyt8bjc
2021.01.28, 10:23:20.0697 UTC -> 579	STFYYZ01C022	br705yjl
2021.01.28, 10:23:20.0697 UTC -> 580	STFYYZ01C023	erfkzpm8
2021.01.28, 10:23:20.0697 UTC -> 581	STFYYZ01D000	0x2lrfov
2021.01.28, 10:23:20.0697 UTC -> 582	STFYYZ01D001	006px1la
2021.01.28, 10:23:20.0697 UTC -> 583	STFYYZ01D002	j47xlolr
2021.01.28, 10:23:20.0697 UTC -> 584	STFYYZ01D003	ln4h6x79
2021.01.28, 10:23:20.0697 UTC -> 585	STFYYZ01D004	8whhda2t
2021.01.28, 10:23:20.0697 UTC -> 586	STFYYZ01D005	n99pjwl5
2021.01.28, 10:23:20.0697 UTC -> 587	STFYYZ01D006	p3wfjt93
2021.01.28, 10:23:20.0697 UTC -> 588	STFYYZ01D007	zitf7c6m
2021.01.28, 10:23:20.0697 UTC -> 589	STFYYZ01D008	sx1khgqt
2021.01.28, 10:23:20.0697 UTC -> 590	STFYYZ01D009	6m7l30fd
2021.01.28, 10:23:20.0697 UTC -> 591	STFYYZ01D010	n51ipnjc
2021.01.28, 10:23:20.0697 UTC -> 592	STFYYZ02A000	kwbfbnf8
2021.01.28, 10:23:20.0698 UTC -> 593	STFYYZ02A001	t3ta6yir
2021.01.28, 10:23:20.0698 UTC -> 594	STFYYZ02A002	8asvw4pf
2021.01.28, 10:23:20.0698 UTC -> 595	STFYYZ02A003	xlcb7tar
2021.01.28, 10:23:20.0698 UTC -> 596	STFYYZ02A004	kn4czz4b
2021.01.28, 10:23:20.0698 UTC -> 597	STFYYZ02A005	swb3nrup
2021.01.28, 10:23:20.0698 UTC -> 598	STFYYZ02A006	m5xffkes
2021.01.28, 10:23:20.0698 UTC -> 599	STFYYZ02A007	3ohzl1j6
2021.01.28, 10:23:20.0698 UTC -> 600	STFYYZ02B000	zi991bcm
2021.01.28, 10:23:20.0698 UTC -> 601	STFYYZ02B001	d3qi5oc9
2021.01.28, 10:23:20.0698 UTC -> 602	STFYYZ02B002	7oatvvgn
2021.01.28, 10:23:20.0698 UTC -> 603	STFYYZ02B003	96kpxeak
2021.01.28, 10:23:20.0698 UTC -> 604	STFYYZ02B004	plvxcut7
2021.01.28, 10:23:20.0698 UTC -> 605	STFYYZ02B005	94pqxofj
2021.01.28, 10:23:20.0698 UTC -> 606	STFYYZ02B006	lbdkwjsb
2021.01.28, 10:23:20.0698 UTC -> 607	STFYYZ02B007	3oxdrorh
2021.01.28, 10:23:20.0698 UTC -> 608	STFYYZ02B008	jcm2i80f
2021.01.28, 10:23:20.0698 UTC -> 609	STFYYZ02B009	xk90yxu6
2021.01.28, 10:23:20.0698 UTC -> 610	STFYYZ02B010	jheobpfq
2021.01.28, 10:23:20.0698 UTC -> 611	STFYYZ02B011	n7xow6wp
2021.01.28, 10:23:20.0698 UTC -> 612	STFYYZ02B012	n1e8i0yf
2021.01.28, 10:23:20.0698 UTC -> 613	STFYYZ02B013	ewr8a189
2021.01.28, 10:23:20.0698 UTC -> 614	STFYYZ02B014	y4u45enm
2021.01.28, 10:23:20.0698 UTC -> 615	STFYYZ02B015	17z64rym
2021.01.28, 10:23:20.0698 UTC -> 616	STFYYZ02B016	vc8fkhu8
2021.01.28, 10:23:20.0698 UTC -> 617	STFYYZ02B017	erbc0v5s
2021.01.28, 10:23:20.0698 UTC -> 618	STFYYZ02B018	584mgfi8
2021.01.28, 10:23:20.0698 UTC -> 619	STFYYZ02C000	cgds4y1i
2021.01.28, 10:23:20.0698 UTC -> 620	STFYYZ02C001	neabau0h
2021.01.28, 10:23:20.0698 UTC -> 621	STFYYZ02C002	le1ir4py
2021.01.28, 10:23:20.0698 UTC -> 622	STFYYZ02C003	20e2x1jn
2021.01.28, 10:23:20.0698 UTC -> 623	STFYYZ02C004	41hphmkg
2021.01.28, 10:23:20.0698 UTC -> 624	STFYYZ02C005	cdibmci4
2021.01.28, 10:23:20.0698 UTC -> 625	STFYYZ02C006	wxl68jjj
2021.01.28, 10:23:20.0698 UTC -> 626	STFYYZ02C007	r0emrlvb
2021.01.28, 10:23:20.0698 UTC -> 627	STFYYZ02C008	ox6jclfq
2021.01.28, 10:23:20.0698 UTC -> 628	STFYYZ02C009	h5ibbeno
2021.01.28, 10:23:20.0698 UTC -> 629	STFYYZ02C010	1rxarghq
2021.01.28, 10:23:20.0698 UTC -> 630	STFYYZ02C011	4gv8528r
2021.01.28, 10:23:20.0698 UTC -> 631	STFYYZ02C012	6duojnam
2021.01.28, 10:23:20.0698 UTC -> 632	STFYYZ02D000	f0feun39
2021.01.28, 10:23:20.0698 UTC -> 633	STFYYZ02D001	9dd5bwm9
2021.01.28, 10:23:20.0698 UTC -> 634	STFYYZ02D002	lp0k4m3a
2021.01.28, 10:23:20.0698 UTC -> 635	STFYYZ02D003	o81ce9af
2021.01.28, 10:23:20.0698 UTC -> 636	STFYYZ02D004	irdlmxbx
2021.01.28, 10:23:20.0698 UTC -> 637	STFYYZ02D005	qb2e4gi3
2021.01.28, 10:23:20.0698 UTC -> 638	STFYYZ02D006	p4jrs028
2021.01.28, 10:23:20.0698 UTC -> 639	STFYYZ02E000	mo29xt1j
2021.01.28, 10:23:20.0698 UTC -> 640	STFYYZ02E001	loibzek7
2021.01.28, 10:23:20.0698 UTC -> 641	STFYYZ02E002	9v1gd8ii
2021.01.28, 10:23:20.0698 UTC -> 642	STFYYZ02E003	g1nd4ugq
2021.01.28, 10:23:20.0698 UTC -> 643	STFYYZ02E004	rwi4hw76
2021.01.28, 10:23:20.0698 UTC -> 644	STFYYZ02E005	0rkitmbm
2021.01.28, 10:23:20.0698 UTC -> 645	STFYYZ02E006	f3mg7zms
2021.01.28, 10:23:20.0698 UTC -> 646	STFYYZ02E007	uknbnzi2
2021.01.28, 10:23:20.0698 UTC -> 647	STFYYZ02E008	01jtzn7l
2021.01.28, 10:23:20.0698 UTC -> 648	STFYYZ02E009	itzqmufp
2021.01.28, 10:23:20.0698 UTC -> 649	STFYYZ02E010	x80ltfwp
2021.01.28, 10:23:20.0699 UTC -> 650	STFYYZ02E011	0o7m61al
2021.01.28, 10:23:20.0699 UTC -> 651	STFYYZ02E012	j7jlbyc9
2021.01.28, 10:23:20.0699 UTC -> 652	STFYYZ02E013	h47he9kq
2021.01.28, 10:23:20.0699 UTC -> 653	STFYYZ02E014	mv6s78zk
2021.01.28, 10:23:20.0699 UTC -> 654	STNNQX01C000	vwtb1j4l
2021.01.28, 10:23:20.0699 UTC -> 655	STNNQX01C001	pfqnm63w
2021.01.28, 10:23:20.0699 UTC -> 656	STNNQX01C002	vox5wsmn
2021.01.28, 10:23:20.0699 UTC -> 657	STHEBNG01A000	38wjjx16
2021.01.28, 10:23:20.0699 UTC -> 658	STHEBNG01A001	a55523yw
2021.01.28, 10:23:20.0699 UTC -> 659	STHEBNG01A002	uaqp0wnu
2021.01.28, 10:23:20.0699 UTC -> 660	STHEBNG01A003	n8gsw6p5
2021.01.28, 10:23:20.0699 UTC -> 661	STHEBNG01A004	xyfs98jg
2021.01.28, 10:23:20.0699 UTC -> 662	STHEBNG01A005	8efdifmz
2021.01.28, 10:23:20.0699 UTC -> 663	STHEBNG01A006	5mrh7xim
2021.01.28, 10:23:20.0699 UTC -> 664	STHEBNG01A007	kbc33hks
2021.01.28, 10:23:20.0699 UTC -> 665	STHEBNG01A008	six7vv57
2021.01.28, 10:23:20.0699 UTC -> 666	STHEBNG01A009	fsvj4xk5
2021.01.28, 10:23:20.0699 UTC -> 667	STHEBNG01A010	e984xgas
2021.01.28, 10:23:20.0699 UTC -> 668	STHEBNG01A011	m1p9b2kg
2021.01.28, 10:23:20.0699 UTC -> 669	STHEBNG01A012	nccgm0ej
2021.01.28, 10:23:20.0699 UTC -> 670	STHEBNG01A013	2xikvjty
2021.01.28, 10:23:20.0699 UTC -> 671	STHEBNG01A014	7z8y5iqw
2021.01.28, 10:23:20.0699 UTC -> 672	STHEBNG01B000	yu9l4fuh
2021.01.28, 10:23:20.0699 UTC -> 673	STHEBNG01B001	7c2ybwp6
2021.01.28, 10:23:20.0699 UTC -> 674	STHEBNG01B002	2zkgx72g
2021.01.28, 10:23:20.0699 UTC -> 675	STHEBNG01B003	3szg906d
2021.01.28, 10:23:20.0699 UTC -> 676	STHEBNG01B004	fehxnpyo
2021.01.28, 10:23:20.0699 UTC -> 677	STHEBNG01B005	ym0nseoy
2021.01.28, 10:23:20.0699 UTC -> 678	STHEBNG01B006	8owrqoo3
2021.01.28, 10:23:20.0699 UTC -> 679	STHEBNG01B007	oey7kcue
2021.01.28, 10:23:20.0699 UTC -> 680	STHEBNG01B008	39v2olzm
2021.01.28, 10:23:20.0699 UTC -> 681	STHEBNG01B009	euw0pzsr
2021.01.28, 10:23:20.0699 UTC -> 682	STHEBNG01B010	vzwk6lek
2021.01.28, 10:23:20.0699 UTC -> 683	STHEBNG01B011	p68aal1f
2021.01.28, 10:23:20.0699 UTC -> 684	STHEBNG01B012	b9h7llqj
2021.01.28, 10:23:20.0699 UTC -> 685	STHEBNG01B013	u3l517ih
2021.01.28, 10:23:20.0699 UTC -> 686	STHEBNG01B014	sbfbr6rn
2021.01.28, 10:23:20.0699 UTC -> 687	STHEBNG01C000	63crh78m
2021.01.28, 10:23:20.0700 UTC -> 688	STHEBNG01C001	0ptjabjb
2021.01.28, 10:23:20.0700 UTC -> 689	STHEBNG01C002	ggc8zapr
2021.01.28, 10:23:20.0700 UTC -> 690	STHEBNG01C003	6a9sohor
2021.01.28, 10:23:20.0700 UTC -> 691	STHEBNG01C004	o3m0rb34
2021.01.28, 10:23:20.0700 UTC -> 692	STHEBNG01C005	jn3yyd4l
2021.01.28, 10:23:20.0700 UTC -> 693	STHEBNG01C006	zh2jxw9s
2021.01.28, 10:23:20.0700 UTC -> 694	STHEBNG01C007	b3h1at5o
2021.01.28, 10:23:20.0700 UTC -> 695	STHEBNG01C008	ryraj48i
2021.01.28, 10:23:20.0700 UTC -> 696	STHEBNG01C009	8kcoa65j
2021.01.28, 10:23:20.0700 UTC -> 697	STHEBNG01D000	8z35gmes
2021.01.28, 10:23:20.0700 UTC -> 698	STHEBNG01D001	3jkgs5zv
2021.01.28, 10:23:20.0700 UTC -> 699	STHEBNG01D002	0gm5pmui
2021.01.28, 10:23:20.0700 UTC -> 700	STHEBNG01D003	1h5pge0t
2021.01.28, 10:23:20.0700 UTC -> 701	STHEBNG01D004	5zhuyl8i
2021.01.28, 10:23:20.0700 UTC -> 702	STHEBNG01D005	e799n0nu
2021.01.28, 10:23:20.0700 UTC -> 703	STHEBNG01D006	66ika9q9
2021.01.28, 10:23:20.0700 UTC -> 704	STHEBNG01D007	av0acr0o
2021.01.28, 10:23:20.0700 UTC -> 705	STHEBNG01D008	p5k186ow
2021.01.28, 10:23:20.0700 UTC -> 706	STHEBNG01D009	cfymzizv
2021.01.28, 10:23:20.0700 UTC -> 707	STHEBNG01D010	of85wq5j
2021.01.28, 10:23:20.0700 UTC -> 708	STHEBNG01D011	2er2cjdq
2021.01.28, 10:23:20.0700 UTC -> 709	STHEBNG01D012	br7d6prd
2021.01.28, 10:23:20.0700 UTC -> 710	STHEBNG01D013	y168x7ti
2021.01.28, 10:23:20.0700 UTC -> 711	STHEBNG01D014	6u49v47k
2021.01.28, 10:23:20.0700 UTC -> 712	STHEBNG01D015	m336bos5
2021.01.28, 10:23:20.0700 UTC -> 713	STHEBNG01D016	ia15zmbx
2021.01.28, 10:23:20.0700 UTC -> 714	STHEBNG01D017	gcgnpdhe
2021.01.28, 10:23:20.0700 UTC -> 715	STHEBNG01D018	3k8ffs8c
2021.01.28, 10:23:20.0700 UTC -> 716	STHEBNG01D019	b1w0e76u
2021.01.28, 10:23:20.0700 UTC -> 717	STHEBNG01D020	q0650lcr
2021.01.28, 10:23:20.0700 UTC -> 718	STHEBNG01D021	f9dz1019
2021.01.28, 10:23:20.0700 UTC -> 719	STHEBNG01D022	tqofi2cq
2021.01.28, 10:23:20.0700 UTC -> 720	STHEBNG01D023	8tmbuwjs
2021.01.28, 10:23:20.0700 UTC -> 721	STHEBNG01D024	03v8eha8
2021.01.28, 10:23:20.0700 UTC -> 722	STHEBNG01D025	d4pyfabc
2021.01.28, 10:23:20.0700 UTC -> 723	STHEBNG01D026	8ycmbctx
2021.01.28, 10:23:20.0700 UTC -> 724	STHEBNG01D027	x2qy227n
2021.01.28, 10:23:20.0700 UTC -> 725	STHEBNG01E000	xvudu6oz
2021.01.28, 10:23:20.0700 UTC -> 726	STHEBNG01F000	e9ejqxtp
2021.01.28, 10:23:20.0700 UTC -> 727	STHEBNG01F001	1kigxc9g
2021.01.28, 10:23:20.0700 UTC -> 728	STHEBNG01F002	20y20uxa
2021.01.28, 10:23:20.0700 UTC -> 729	STHEBDL01A000	mwybdgnq
2021.01.28, 10:23:20.0700 UTC -> 730	STHEBDL01A001	wwcsecwf
2021.01.28, 10:23:20.0700 UTC -> 731	STHEBDL01A002	n1ou3ppj
2021.01.28, 10:23:20.0700 UTC -> 732	STHEBDL01A003	952a3dyr
2021.01.28, 10:23:20.0700 UTC -> 733	STHEBDL01B000	q5ifzqbh
2021.01.28, 10:23:20.0700 UTC -> 734	STHEBDL01B001	dl819zkf
2021.01.28, 10:23:20.0700 UTC -> 735	STHEBDL01B002	wno425lc
2021.01.28, 10:23:20.0700 UTC -> 736	STHEBDL01B003	dhn2oddr
2021.01.28, 10:23:20.0700 UTC -> 737	STHEBDL01B004	lgjo92jj
2021.01.28, 10:23:20.0700 UTC -> 738	STHEBDL01B005	59drivw8
2021.01.28, 10:23:20.0700 UTC -> 739	STHEBDL01B006	uzf1hy1n
2021.01.28, 10:23:20.0700 UTC -> 740	STHEBDL01B007	v2jaklmg
2021.01.28, 10:23:20.0700 UTC -> 741	STHEBDL01B008	34ew1qpm
2021.01.28, 10:23:20.0700 UTC -> 742	STHEBDL01B009	rmjhumgg
2021.01.28, 10:23:20.0700 UTC -> 743	STHEBDL01B010	0y1je5fr
2021.01.28, 10:23:20.0700 UTC -> 744	STHEBDL01C000	blnh971b
2021.01.28, 10:23:20.0700 UTC -> 745	STHEBDL01C001	sd46qzi1
2021.01.28, 10:23:20.0701 UTC -> 746	STHEBDL01C002	njfla0wz
2021.01.28, 10:23:20.0701 UTC -> 747	STHEBDL01C003	smo8sbbk
2021.01.28, 10:23:20.0701 UTC -> 748	STHEBDL01C004	nvwtbi8q
2021.01.28, 10:23:20.0701 UTC -> 749	STHEBDL01C005	gs5v0wdr
2021.01.28, 10:23:20.0701 UTC -> 750	STHEBDL01C006	untzvhns
2021.01.28, 10:23:20.0701 UTC -> 751	STHEBDL01C007	5w25zwi4
2021.01.28, 10:23:20.0701 UTC -> 752	STHEBDL01C008	v1ox3yoo
2021.01.28, 10:23:20.0701 UTC -> 753	STHEBDL01C009	rhd66gkk
2021.01.28, 10:23:20.0701 UTC -> 754	STHEBDL01C010	69qn88km
2021.01.28, 10:23:20.0701 UTC -> 755	STHEBDL01C011	dhporyyl
2021.01.28, 10:23:20.0701 UTC -> 756	STHEBDL01C012	8tmzy2dr
2021.01.28, 10:23:20.0701 UTC -> 757	STHEBDL01C013	9dexhfte
2021.01.28, 10:23:20.0701 UTC -> 758	STHEBDL01C014	65a3gvhf
2021.01.28, 10:23:20.0701 UTC -> 759	STHEBDL01C015	nkzrdoza
2021.01.28, 10:23:20.0701 UTC -> 760	STHEBDL01C016	m025jb6o
2021.01.28, 10:23:20.0701 UTC -> 761	STHEBDL01C017	s3fw94mu
2021.01.28, 10:23:20.0701 UTC -> 762	STHEBDL01C018	dr94o61l
2021.01.28, 10:23:20.0701 UTC -> 763	STHEBDL01D000	mqzl4l64
2021.01.28, 10:23:20.0701 UTC -> 764	STHEBDL01D001	q9m030xl
2021.01.28, 10:23:20.0701 UTC -> 765	STHEBDL01D002	f0vpvhru
2021.01.28, 10:23:20.0701 UTC -> 766	STHEBDL01D003	368o95f5
2021.01.28, 10:23:20.0701 UTC -> 767	STHEBDL01D004	qv4a36ci
2021.01.28, 10:23:20.0701 UTC -> 768	STHEBDL01D005	udxx8n4j
2021.01.28, 10:23:20.0701 UTC -> 769	STHEBDL01D006	xk956x6e
2021.01.28, 10:23:20.0701 UTC -> 770	STHEBDL01D007	o6soqekb
2021.01.28, 10:23:20.0701 UTC -> 771	STHEBDL01D008	4y8cghj1
2021.01.28, 10:23:20.0701 UTC -> 772	STHEBDL02A000	9xw3csef
2021.01.28, 10:23:20.0701 UTC -> 773	STHEBDL02A001	x2vveo1d
2021.01.28, 10:23:20.0701 UTC -> 774	STHEBDL02A002	pwe68mos
2021.01.28, 10:23:20.0701 UTC -> 775	STHEBDL02A003	9efzzx9d
2021.01.28, 10:23:20.0701 UTC -> 776	STHEBDL02A004	z2l99mgh
2021.01.28, 10:23:20.0701 UTC -> 777	STHEBDL02A005	6kdovb8x
2021.01.28, 10:23:20.0701 UTC -> 778	STHEBDL02A006	x3atoqnj
2021.01.28, 10:23:20.0701 UTC -> 779	STHEBDL02A007	0b9s52h4
2021.01.28, 10:23:20.0701 UTC -> 780	STHEBDL02A008	px6no21g
2021.01.28, 10:23:20.0701 UTC -> 781	STHEBDL02A009	e9qm03e5
2021.01.28, 10:23:20.0701 UTC -> 782	STHEBDL02A010	x4foxxdf
2021.01.28, 10:23:20.0701 UTC -> 783	STHEBDL02A011	ie1ftb1r
2021.01.28, 10:23:20.0701 UTC -> 784	STHEBDL02A012	2hwe1pvr
2021.01.28, 10:23:20.0701 UTC -> 785	STHEBDL02A013	og8a4zhc
2021.01.28, 10:23:20.0701 UTC -> 786	STHEBDL02A014	vctl9i1i
2021.01.28, 10:23:20.0701 UTC -> 787	STHEBDL02A015	b12atxfl
2021.01.28, 10:23:20.0701 UTC -> 788	STHEBDL02A016	zn96gem9
2021.01.28, 10:23:20.0701 UTC -> 789	STHEBDL02A017	wjir0zlg
2021.01.28, 10:23:20.0701 UTC -> 790	STHEBDL02A018	ap13951j
2021.01.28, 10:23:20.0701 UTC -> 791	STHEBDL02A019	nsb9700p
2021.01.28, 10:23:20.0701 UTC -> 792	STHEBDL02A020	qxnu1rjw
2021.01.28, 10:23:20.0701 UTC -> 793	STHEBDL02A021	ddkqe0nf
2021.01.28, 10:23:20.0701 UTC -> 794	STHEBDL02A022	mve7etyb
2021.01.28, 10:23:20.0701 UTC -> 795	STHEBDL02A023	a60pu2eh
2021.01.28, 10:23:20.0701 UTC -> 796	STHEBDL02A024	wdle5rix
2021.01.28, 10:23:20.0701 UTC -> 797	STHEBDL02A025	xnh2uhtb
2021.01.28, 10:23:20.0701 UTC -> 798	STHEBDL02A026	ajim4nnp
2021.01.28, 10:23:20.0701 UTC -> 799	STHEBDL02A027	x8qc3isl
2021.01.28, 10:23:20.0701 UTC -> 800	STHEBDL02A028	q4y5m7y9
2021.01.28, 10:23:20.0701 UTC -> 801	STHEBDL02A029	x7ysq8bp
2021.01.28, 10:23:20.0701 UTC -> 802	STHEBDL02A030	b41t0wbo
2021.01.28, 10:23:20.0701 UTC -> 803	STHEBDL02A031	gn6kukej
2021.01.28, 10:23:20.0701 UTC -> 804	STHEBDL02B000	ves36mfb
2021.01.28, 10:23:20.0702 UTC -> 805	STHEBDL02B001	hcnux53a
2021.01.28, 10:23:20.0702 UTC -> 806	STHEBDL02B002	2jy4gqg1
2021.01.28, 10:23:20.0702 UTC -> 807	STHEBDL02B003	zpjymn45
2021.01.28, 10:23:20.0702 UTC -> 808	STHEBDL02B004	3bxawlvl
2021.01.28, 10:23:20.0702 UTC -> 809	STHEBDL02B005	r51zkc5k
2021.01.28, 10:23:20.0702 UTC -> 810	STHEBDL02B006	qdmfalf8
2021.01.28, 10:23:20.0702 UTC -> 811	STHEBDL02B007	493tidfn
2021.01.28, 10:23:20.0702 UTC -> 812	STHEBDL02B008	vvuodr4d
2021.01.28, 10:23:20.0702 UTC -> 813	STHEBDL02B009	e7agvw5m
2021.01.28, 10:23:20.0702 UTC -> 814	STHEBDL02B010	jvnqz3an
2021.01.28, 10:23:20.0702 UTC -> 815	STHEBDL02B011	i7dk0y03
2021.01.28, 10:23:20.0702 UTC -> 816	STHEBDL02B012	p5vn0sas
2021.01.28, 10:23:20.0702 UTC -> 817	STHEBDL02B013	9gxteg4i
2021.01.28, 10:23:20.0702 UTC -> 818	STHEBDL02B014	fagjx12k
2021.01.28, 10:23:20.0702 UTC -> 819	STHEBDL02B015	aj14oh2q
2021.01.28, 10:23:20.0702 UTC -> 820	STHEBDL02B016	0ylr2grm
2021.01.28, 10:23:20.0702 UTC -> 821	STHEBDL02B017	c705np79
2021.01.28, 10:23:20.0702 UTC -> 822	STHEBDL02B018	9rtibq24
2021.01.28, 10:23:20.0702 UTC -> 823	STHEBDL02B019	b9qlamuk
2021.01.28, 10:23:20.0702 UTC -> 824	STHEBDL02B020	8catrv3b
2021.01.28, 10:23:20.0702 UTC -> 825	STHEBDL02B021	ny1457gl
2021.01.28, 10:23:20.0702 UTC -> 826	STHEBDL02B022	p5nymbtm
2021.01.28, 10:23:20.0702 UTC -> 827	STHEBDL02B023	6ipk9sfc
2021.01.28, 10:23:20.0702 UTC -> 828	STHEBDL02B024	phfabi4v
2021.01.28, 10:23:20.0702 UTC -> 829	STHEBDL02B025	cncbpe16
2021.01.28, 10:23:20.0702 UTC -> 830	STHEBDL02B026	7ajygx8h
2021.01.28, 10:23:20.0702 UTC -> 831	STHEBDL02B027	2cpeq0gw
2021.01.28, 10:23:20.0702 UTC -> 832	STHEBDL02B028	p613sbne
2021.01.28, 10:23:20.0702 UTC -> 833	STHEBDL02B029	hh3ke21e
2021.01.28, 10:23:20.0702 UTC -> 834	STHEBDL02B030	cduugyyc
2021.01.28, 10:23:20.0702 UTC -> 835	STHEBDL02C000	obqc9l8i
2021.01.28, 10:23:20.0702 UTC -> 836	STHEBDL02C001	ru9w8vjl
2021.01.28, 10:23:20.0702 UTC -> 837	STHEBDL02C002	nuun8xvc
2021.01.28, 10:23:20.0702 UTC -> 838	STHEBDL02C003	qkj5i21m
2021.01.28, 10:23:20.0702 UTC -> 839	STHEBDL02C004	9iriebuq
2021.01.28, 10:23:20.0702 UTC -> 840	STHEBDL02C005	ogbu7qyn
2021.01.28, 10:23:20.0702 UTC -> 841	STHEBDL02C006	gmry089e
2021.01.28, 10:23:20.0702 UTC -> 842	STHEBDL02C007	kah4lwe9
2021.01.28, 10:23:20.0702 UTC -> 843	STHEBDL02C008	6of4pwa8
2021.01.28, 10:23:20.0702 UTC -> 844	STHEBDL02C009	rvbdzr5m
2021.01.28, 10:23:20.0702 UTC -> 845	STHEBDL02C010	8qzbuwjs
2021.01.28, 10:23:20.0702 UTC -> 846	STHEBDL02C011	2qppaygn
2021.01.28, 10:23:20.0702 UTC -> 847	STHEBDL02C012	rs5upugs
2021.01.28, 10:23:20.0702 UTC -> 848	STHEBDL02C013	3gpb4idg
2021.01.28, 10:23:20.0702 UTC -> 849	STHEBDL02C014	27txjccx
2021.01.28, 10:23:20.0702 UTC -> 850	STHEBDL02C015	6ad4m2yw
2021.01.28, 10:23:20.0702 UTC -> 851	STHEBDL02C016	9nbqevza
2021.01.28, 10:23:20.0702 UTC -> 852	STHEBDL02C017	h35nibfh
2021.01.28, 10:23:20.0702 UTC -> 853	STHEBDL02C018	u6fa3696
2021.01.28, 10:23:20.0702 UTC -> 854	STHEBDL02C019	5jl362wo
2021.01.28, 10:23:20.0702 UTC -> 855	STHEBDL02C020	gvvoyqr9
2021.01.28, 10:23:20.0702 UTC -> 856	STHEBDL02C021	9kcabtlf
2021.01.28, 10:23:20.0702 UTC -> 857	STHEBDL02C022	h9nl5gkj
2021.01.28, 10:23:20.0702 UTC -> 858	STHEBDL02C023	l66wn8ji
2021.01.28, 10:23:20.0702 UTC -> 859	STHEBDL02C024	3x4rvn3g
2021.01.28, 10:23:20.0702 UTC -> 860	STHEBDL02C025	v2msxprg
2021.01.28, 10:23:20.0702 UTC -> 861	STHEBDL02C026	wfred0vq
2021.01.28, 10:23:20.0702 UTC -> 862	STHEBDL02D000	xaur66i5
2021.01.28, 10:23:20.0702 UTC -> 863	STHEBDL02D001	pcivtp1g
2021.01.28, 10:23:20.0702 UTC -> 864	STHEBDL02D002	fgaga3va
2021.01.28, 10:23:20.0702 UTC -> 865	STHEBDL02D003	ywca5k0p
2021.01.28, 10:23:20.0702 UTC -> 866	STHEBDL02D004	kl5utmsc
2021.01.28, 10:23:20.0703 UTC -> 867	STHEBDL02D005	bawfbmd8
2021.01.28, 10:23:20.0703 UTC -> 868	STHEBDL02D006	cy0tih05
2021.01.28, 10:23:20.0703 UTC -> 869	STHEBDL02D007	t6zjiggp
2021.01.28, 10:23:20.0703 UTC -> 870	STHEBDL02D008	rugi63wv
2021.01.28, 10:23:20.0703 UTC -> 871	STHEBDL02E000	xkap1c9y
2021.01.28, 10:23:20.0703 UTC -> 872	STHEBDL02E001	02j4ht1s
2021.01.28, 10:23:20.0703 UTC -> 873	STHEBDL02E002	d1clmxtf
2021.01.28, 10:23:20.0703 UTC -> 874	STHEBDL02E003	l6l7ef0f
2021.01.28, 10:23:20.0703 UTC -> 875	STHEBDL02E004	vegm0lnk
2021.01.28, 10:23:20.0703 UTC -> 876	STJNLX01A000	2rfwumdt
2021.01.28, 10:23:20.0703 UTC -> 877	STTLYZ01B000	ny8zqjq2
2021.01.28, 10:23:20.0703 UTC -> 878	STTLYZ01B001	3dbjdgp1
2021.01.28, 10:23:20.0703 UTC -> 879	STTLYZ01B002	8rj6gm5m
2021.01.28, 10:23:20.0703 UTC -> 880	STTLYZ01B003	qovwxrlh
2021.01.28, 10:23:20.0703 UTC -> 881	STTLYZ01B004	lbcizcrb
2021.01.28, 10:23:20.0703 UTC -> 882	STHGHZ01C000	fcujh529
2021.01.28, 10:23:20.0703 UTC -> 883	STHGHZ01C001	z4bggxq5
2021.01.28, 10:23:20.0703 UTC -> 884	STHGHZ01C002	dq4g928v
2021.01.28, 10:23:20.0703 UTC -> 885	STHGHZ01D000	q3k3re8q
2021.01.28, 10:23:20.0703 UTC -> 886	STHGHZ01E000	l495tijb
2021.01.28, 10:23:20.0703 UTC -> 887	STHGHZ01E001	s5o4kced
2021.01.28, 10:23:20.0703 UTC -> 888	STHGHZ01F000	x1xe1jpm
2021.01.28, 10:23:20.0703 UTC -> 889	STHGHZ01F001	8wc0n9ss
2021.01.28, 10:23:20.0703 UTC -> 890	STJXTX01A000	0e7bd0gi
2021.01.28, 10:23:20.0703 UTC -> 891	STJXTX01A001	826s1igh
2021.01.28, 10:23:20.0703 UTC -> 892	STJXTX01A002	gd0wil5i
2021.01.28, 10:23:20.0703 UTC -> 893	STJXTX01A003	akl265cq
2021.01.28, 10:23:20.0703 UTC -> 894	STJXTX01A004	q1mclx9r
2021.01.28, 10:23:20.0703 UTC -> 895	STJXTX01A005	nz4rg0f8
2021.01.28, 10:23:20.0703 UTC -> 896	STJXTX01A006	76ppqa5g
2021.01.28, 10:23:20.0703 UTC -> 897	STJXTX01A007	3midt25j
2021.01.28, 10:23:20.0703 UTC -> 898	STJXTX01A008	6ye6otpn
2021.01.28, 10:23:20.0703 UTC -> 899	STJXTX01A009	k0u331mc
2021.01.28, 10:23:20.0703 UTC -> 900	STJXTX01A010	lwrojy8f
2021.01.28, 10:23:20.0703 UTC -> 901	STJXTX01A011	mq1ew2fc
2021.01.28, 10:23:20.0703 UTC -> 902	STJXTX01B000	ft7cou2k
2021.01.28, 10:23:20.0703 UTC -> 903	STJXTX01B001	bnl1sjh4
2021.01.28, 10:23:20.0703 UTC -> 904	STJXTX01C000	cskr32tj
2021.01.28, 10:23:20.0703 UTC -> 905	STJXTX01C001	bso4n4tj
2021.01.28, 10:23:20.0703 UTC -> 906	STJXTX01C002	jaj4uj47
2021.01.28, 10:23:20.0703 UTC -> 907	STWFQZ01A000	6rpyrvq5
2021.01.28, 10:23:20.0703 UTC -> 908	STWFQZ01A001	rr9c8gpj
2021.01.28, 10:23:20.0703 UTC -> 909	STWFQZ01A002	fcbc8tqa
2021.01.28, 10:23:20.0703 UTC -> 910	STWFQZ01A003	n7jqtlj9
2021.01.28, 10:23:20.0703 UTC -> 911	STWFQZ01A004	7k5zk7r5
2021.01.28, 10:23:20.0703 UTC -> 912	STWFQZ01A005	h0xcqe0p
2021.01.28, 10:23:20.0703 UTC -> 913	STWFQZ01A006	4qem8qfn
2021.01.28, 10:23:20.0703 UTC -> 914	STWFQZ01A007	u8lq1ub7
2021.01.28, 10:23:20.0703 UTC -> 915	STWFQZ01A008	ztaubtmp
2021.01.28, 10:23:20.0703 UTC -> 916	STWFQZ01A009	l2jmrznf
2021.01.28, 10:23:20.0703 UTC -> 917	STWFQZ01A010	9pzjld0g
2021.01.28, 10:23:20.0703 UTC -> 918	STWFQZ01A011	hp0nen7p
2021.01.28, 10:23:20.0703 UTC -> 919	STWFQZ01A012	u7nla4us
2021.01.28, 10:23:20.0703 UTC -> 920	STWFQZ01A013	y8ku88u7
2021.01.28, 10:23:20.0704 UTC -> 921	STWFQZ01B000	tck6pvcg
2021.01.28, 10:23:20.0704 UTC -> 922	STWFQZ01B001	fqi0xdzs
2021.01.28, 10:23:20.0704 UTC -> 923	STWFQZ01B002	nzs02d7m
2021.01.28, 10:23:20.0704 UTC -> 924	STWFQZ01B003	7btv4pvw
2021.01.28, 10:23:20.0704 UTC -> 925	STWFQZ01B004	ntpncnio
2021.01.28, 10:23:20.0704 UTC -> 926	STWFQZ01B005	ii8r2f8n
2021.01.28, 10:23:20.0704 UTC -> 927	STWFQZ01B006	qmqe9y1m
2021.01.28, 10:23:20.0704 UTC -> 928	STWFQZ01B007	hpbii5ro
2021.01.28, 10:23:20.0704 UTC -> 929	STWFQZ01B008	egi1canf
2021.01.28, 10:23:20.0704 UTC -> 930	STWFQZ01B009	ifxdrunv
2021.01.28, 10:23:20.0704 UTC -> 931	STWFQZ01B010	tk0bc8r9
2021.01.28, 10:23:20.0704 UTC -> 932	STWFQZ01B011	14l0veg9
2021.01.28, 10:23:20.0704 UTC -> 933	STWFQZ01B012	6xiubt5u
2021.01.28, 10:23:20.0704 UTC -> 934	STWFQZ01B013	m1dr9hvy
2021.01.28, 10:23:20.0704 UTC -> 935	STWFQZ01B014	1j4njmrh
2021.01.28, 10:23:20.0704 UTC -> 936	STWFQZ01B015	thtwrc7s
2021.01.28, 10:23:20.0704 UTC -> 937	STWFQZ01B016	da2tu335
2021.01.28, 10:23:20.0704 UTC -> 938	STWFQZ01B017	u3h5lcwk
2021.01.28, 10:23:20.0704 UTC -> 939	STWFQZ01B018	05mznsye
2021.01.28, 10:23:20.0704 UTC -> 940	STWFQZ01B019	clb86fhl
2021.01.28, 10:23:20.0704 UTC -> 941	STWFQZ01B020	pxvi5qaj
2021.01.28, 10:23:20.0704 UTC -> 942	STWFQZ01B021	h5u7427f
2021.01.28, 10:23:20.0704 UTC -> 943	STWFQZ01C000	1qpcou2c
2021.01.28, 10:23:20.0704 UTC -> 944	STWFQZ01C001	fmisdeae
2021.01.28, 10:23:20.0704 UTC -> 945	STWFQZ01C002	c1e8lxwp
2021.01.28, 10:23:20.0704 UTC -> 946	STWFQZ01C003	sjvgnkmv
2021.01.28, 10:23:20.0704 UTC -> 947	STWFQZ01C004	bmh9st7p
2021.01.28, 10:23:20.0704 UTC -> 948	STWFQZ01C005	cute4cqv
2021.01.28, 10:23:20.0704 UTC -> 949	STWFQZ01C006	w26d48kj
2021.01.28, 10:23:20.0704 UTC -> 950	STWFQZ01C007	ptbxc7h4
2021.01.28, 10:23:20.0704 UTC -> 951	STWFQZ01C008	u265zkdg
2021.01.28, 10:23:20.0704 UTC -> 952	STWFQZ01C009	wfag9v3b
2021.01.28, 10:23:20.0704 UTC -> 953	STWFQZ01C010	ni2ryv15
2021.01.28, 10:23:20.0704 UTC -> 954	STWFQZ01C011	quef88as
2021.01.28, 10:23:20.0704 UTC -> 955	STWFQZ01C012	796ctulg
2021.01.28, 10:23:20.0704 UTC -> 956	STWFQZ01C013	z9uoztc1
2021.01.28, 10:23:20.0704 UTC -> 957	STWFQZ01C014	tpcqs1nk
2021.01.28, 10:23:20.0704 UTC -> 958	STWFQZ01C015	3bit757g
2021.01.28, 10:23:20.0704 UTC -> 959	STWFQZ01C016	36ors3wb
2021.01.28, 10:23:20.0704 UTC -> 960	STWFQZ01C017	sm4vjrts
2021.01.28, 10:23:20.0704 UTC -> 961	STWFQZ01C018	rvcxgiv7
2021.01.28, 10:23:20.0704 UTC -> 962	STWFQZ01C019	eqy69olu
2021.01.28, 10:23:20.0704 UTC -> 963	STWFQZ01C020	3sqzjf2m
2021.01.28, 10:23:20.0704 UTC -> 964	STWFQZ01C021	3s6tsh0f
2021.01.28, 10:23:20.0704 UTC -> 965	STWFQZ01C022	m1rm16qk
2021.01.28, 10:23:20.0704 UTC -> 966	STWFQZ01C023	bdx1ti0q
2021.01.28, 10:23:20.0704 UTC -> 967	STWFQZ01C024	0ocppcna
2021.01.28, 10:23:20.0704 UTC -> 968	STWFQZ01C025	ivg62csn
2021.01.28, 10:23:20.0705 UTC -> 969	STWFQZ01C026	hq2n13y8
2021.01.28, 10:23:20.0705 UTC -> 970	STWFQZ01C027	j2hcwu6d
2021.01.28, 10:23:20.0705 UTC -> 971	STWFQZ01C028	fvl9h6pg
2021.01.28, 10:23:20.0705 UTC -> 972	STWFQZ01C029	n53zo97g
2021.01.28, 10:23:20.0705 UTC -> 973	STWFQZ01D000	u1nceey9
2021.01.28, 10:23:20.0705 UTC -> 974	STWFQZ01D001	rszho4ua
2021.01.28, 10:23:20.0705 UTC -> 975	STWFQZ01D002	cxs5v1zd
2021.01.28, 10:23:20.0705 UTC -> 976	STWFQZ01D003	x794d1ki
2021.01.28, 10:23:20.0705 UTC -> 977	STWFQZ01D004	udcnfb19
2021.01.28, 10:23:20.0705 UTC -> 978	STWFQZ01D005	2jwmm4l5
2021.01.28, 10:23:20.0705 UTC -> 979	STWFQZ01D006	vbt96jon
2021.01.28, 10:23:20.0705 UTC -> 980	STWFQZ01D007	lfegjwil
2021.01.28, 10:23:20.0705 UTC -> 981	STWFQZ01D008	u0bcc87p
2021.01.28, 10:23:20.0705 UTC -> 982	STWFQZ01D009	6xjcpdur
2021.01.28, 10:23:20.0705 UTC -> 983	STWFQZ01D010	hvk7pafo
2021.01.28, 10:23:20.0705 UTC -> 984	STWFQZ01D011	ecicabcr
2021.01.28, 10:23:20.0705 UTC -> 985	STWFQZ01D012	h1fpjzio
2021.01.28, 10:23:20.0705 UTC -> 986	STWFQZ01D013	9dfvsk9t
2021.01.28, 10:23:20.0705 UTC -> 987	STWFQZ01D014	r4jn7wnv
2021.01.28, 10:23:20.0705 UTC -> 988	STWFQZ01E000	ateft02w
2021.01.28, 10:23:20.0705 UTC -> 989	STWFQZ01E001	tkarezvr
2021.01.28, 10:23:20.0705 UTC -> 990	STWFQZ01E002	yiu7h0gr
2021.01.28, 10:23:20.0705 UTC -> 991	STWFQZ01E003	ijzk45ec
2021.01.28, 10:23:20.0705 UTC -> 993	STWFQZ01E005	xpmuju52
2021.01.28, 10:23:20.0705 UTC -> 994	STWFQZ01E006	onx2g5jh
2021.01.28, 10:23:20.0705 UTC -> 992	STWFQZ01E004	n3uy7lt7
2021.01.28, 10:23:20.0705 UTC -> 995	STWFQZ01E007	9h0gf5oj
2021.01.28, 10:23:20.0705 UTC -> 996	STWFQZ01E008	7xyabzlm
2021.01.28, 10:23:20.0705 UTC -> 997	STWFQZ01E009	ux00d4uq
2021.01.28, 10:23:20.0705 UTC -> 998	STWFQZ01E010	2m4qk9kn
2021.01.28, 10:23:20.0705 UTC -> 999	STWFQZ01E011	qrx8p99v
2021.01.28, 10:23:20.0705 UTC -> 1000	STWFQZ01E012	83eh7zgl
2021.01.28, 10:23:20.0705 UTC -> 1001	STWFQZ01E013	u6qp2ks5
2021.01.28, 10:23:20.0705 UTC -> 1002	STJZSS01A000	nn777boo
2021.01.28, 10:23:20.0705 UTC -> 1003	STJZSS01A001	dmd7zuie
2021.01.28, 10:23:20.0705 UTC -> 1004	STJZSS01A002	2p00fhkr
2021.01.28, 10:23:20.0705 UTC -> 1005	STJZSS01A003	wvezrbjj
2021.01.28, 10:23:20.0705 UTC -> 1006	STJZSS01A004	fvgbkaxj
2021.01.28, 10:23:20.0705 UTC -> 1007	STJZSS01A005	my11kekp
2021.01.28, 10:23:20.0705 UTC -> 1008	STJZSS01A006	ta3wnk88
2021.01.28, 10:23:20.0705 UTC -> 1009	STJZSS01B000	alarbz0b
2021.01.28, 10:23:20.0705 UTC -> 1010	STJZSS01B001	cep7qnmq
2021.01.28, 10:23:20.0705 UTC -> 1011	STJZSS01B002	z474h86n
2021.01.28, 10:23:20.0705 UTC -> 1012	STJZSS01B003	tjfiupll
2021.01.28, 10:23:20.0705 UTC -> 1013	STJZSS01B004	qv6lusqv
2021.01.28, 10:23:20.0706 UTC -> 1014	STJZSS01B005	4ynsm08r
2021.01.28, 10:23:20.0706 UTC -> 1015	STJZSS01B006	2lujjctc
2021.01.28, 10:23:20.0706 UTC -> 1016	STJZSS01B007	mo9bpbuc
2021.01.28, 10:23:20.0706 UTC -> 1017	STJZSS01C000	ruy6rwvq
2021.01.28, 10:23:20.0706 UTC -> 1018	STJZSS01C001	y68k4prg
2021.01.28, 10:23:20.0706 UTC -> 1019	STJZSS01C002	eiht8pv2
2021.01.28, 10:23:20.0706 UTC -> 1020	STJZSS01C003	vne27ulv
2021.01.28, 10:23:20.0706 UTC -> 1021	STJZSS01C004	saqjo1yu
2021.01.28, 10:23:20.0706 UTC -> 1022	STJZSS01C005	1w8h7ewh
2021.01.28, 10:23:20.0706 UTC -> 1023	STJZSS01C006	6zpyjk2l
2021.01.28, 10:23:20.0706 UTC -> 1024	STJZSS01D000	jovabkrc
2021.01.28, 10:23:20.0706 UTC -> 1025	STJZSS01D001	r65ln0nl
2021.01.28, 10:23:20.0706 UTC -> 1026	STHNTJA01A000	o1w361ak
2021.01.28, 10:23:20.0706 UTC -> 1027	STHNTJA01A001	eqspqpml
2021.01.28, 10:23:20.0706 UTC -> 1028	STHNTJA01A002	2qrc61si
2021.01.28, 10:23:20.0706 UTC -> 1029	STHNTJA01A003	te6m00ts
2021.01.28, 10:23:20.0706 UTC -> 1030	STHNTJA01A004	4ilgmf4o
2021.01.28, 10:23:20.0706 UTC -> 1031	STHNTJA01A005	fg5ig5zb
2021.01.28, 10:23:20.0706 UTC -> 1032	STHNTJA01A006	vnkk2f8i
2021.01.28, 10:23:20.0706 UTC -> 1033	STHNTJA01A007	9hua097k
2021.01.28, 10:23:20.0706 UTC -> 1034	STHNTJA01A008	uyz2hwuk
2021.01.28, 10:23:20.0706 UTC -> 1035	STHNTJA01A009	fvrt1bjg
2021.01.28, 10:23:20.0706 UTC -> 1036	STHNTJA01A010	gni2ztzd
2021.01.28, 10:23:20.0706 UTC -> 1037	STHNTJA01A011	eqwy7ti3
2021.01.28, 10:23:20.0706 UTC -> 1038	STHNTJA01A012	wqfifczb
2021.01.28, 10:23:20.0706 UTC -> 1039	STHNTJA01A013	vxxagpls
2021.01.28, 10:23:20.0706 UTC -> 1040	STHNTJA01A014	bisubvse
2021.01.28, 10:23:20.0706 UTC -> 1041	STHNTJA01A015	ml097v9s
2021.01.28, 10:23:20.0706 UTC -> 1042	STHNTJA01A016	6qt9ejco
2021.01.28, 10:23:20.0706 UTC -> 1043	STHNTJA01A017	0lqteys1
2021.01.28, 10:23:20.0706 UTC -> 1044	STHNTJA01A018	885xeegf
2021.01.28, 10:23:20.0706 UTC -> 1045	STHNTJA01A019	36ig4t3w
2021.01.28, 10:23:20.0706 UTC -> 1046	STHNTJA01A020	i6j1s8nj
2021.01.28, 10:23:20.0706 UTC -> 1047	STHNTJA01A021	82ud3n23
2021.01.28, 10:23:20.0706 UTC -> 1048	STHNTJA01A022	c6ywmq67
2021.01.28, 10:23:20.0706 UTC -> 1049	STHNTJA01A023	omupnovb
2021.01.28, 10:23:20.0706 UTC -> 1050	STHNTJA01A024	ogyughn4
2021.01.28, 10:23:20.0706 UTC -> 1051	STHNTJA01A025	qbhfrxqb
2021.01.28, 10:23:20.0706 UTC -> 1052	STHNTJA01A026	si4tti9v
2021.01.28, 10:23:20.0706 UTC -> 1053	STHNTJA01A027	rke7b4an
2021.01.28, 10:23:20.0706 UTC -> 1054	STHNTJA01A028	t3xlvejo
2021.01.28, 10:23:20.0706 UTC -> 1055	STHNTJA01A029	86xikjeh
2021.01.28, 10:23:20.0706 UTC -> 1056	STHNTJA01A030	p65u4dvl
2021.01.28, 10:23:20.0706 UTC -> 1057	STHNTJA01B000	vjcti77o
2021.01.28, 10:23:20.0706 UTC -> 1058	STHNTJA01B001	cxbw9ohj
2021.01.28, 10:23:20.0706 UTC -> 1059	STHNTJA01B002	3bdq0utj
2021.01.28, 10:23:20.0706 UTC -> 1060	STHNTJA01B003	2f3ureie
2021.01.28, 10:23:20.0706 UTC -> 1061	STHNTJA01B004	tbzfq1vq
2021.01.28, 10:23:20.0706 UTC -> 1062	STHNTJA01B005	ejy9f94b
2021.01.28, 10:23:20.0706 UTC -> 1063	STHNTJA01B006	6aq5xd1x
2021.01.28, 10:23:20.0706 UTC -> 1064	STHNTJA01B007	w4ohjikn
2021.01.28, 10:23:20.0706 UTC -> 1065	STHNTJA01B008	0pvjebyk
2021.01.28, 10:23:20.0706 UTC -> 1066	STHNTJA01B009	qlhifowb
2021.01.28, 10:23:20.0706 UTC -> 1067	STHNTJA01B010	cfrt16tt
2021.01.28, 10:23:20.0706 UTC -> 1068	STHNTJA01B011	dewu4pjn
2021.01.28, 10:23:20.0706 UTC -> 1069	STHNTJA01B012	i3ofpcre
2021.01.28, 10:23:20.0706 UTC -> 1070	STHNTJA01B013	05znydmv
2021.01.28, 10:23:20.0706 UTC -> 1071	STHNTJA01B014	n87m8hcg
2021.01.28, 10:23:20.0706 UTC -> 1072	STHNTJA01B015	twfqlv0r
2021.01.28, 10:23:20.0707 UTC -> 1073	STHNTJA01B016	kalnuo1n
2021.01.28, 10:23:20.0707 UTC -> 1074	STHNTJA01B017	yobaph2k
2021.01.28, 10:23:20.0707 UTC -> 1075	STHNTJA01B018	xmme2lrb
2021.01.28, 10:23:20.0707 UTC -> 1076	STHNTJA01B019	ntovr6cn
2021.01.28, 10:23:20.0707 UTC -> 1077	STHNTJA01B020	z9p2uaah
2021.01.28, 10:23:20.0707 UTC -> 1078	STHNTJA01B021	7jij4odu
2021.01.28, 10:23:20.0707 UTC -> 1079	STHNTJA01B022	j5b8ehnj
2021.01.28, 10:23:20.0707 UTC -> 1080	STHNTJA01B023	wa043545
2021.01.28, 10:23:20.0707 UTC -> 1081	STHNTJA01B024	pxsmbgyf
2021.01.28, 10:23:20.0707 UTC -> 1082	STHNTJA01B025	qc6mpud2
2021.01.28, 10:23:20.0707 UTC -> 1083	STHNTJA01B026	ob6ucqfn
2021.01.28, 10:23:20.0707 UTC -> 1084	STHNTJA01B027	d2h163ev
2021.01.28, 10:23:20.0707 UTC -> 1085	STHNTJA01B028	gt1psji8
2021.01.28, 10:23:20.0707 UTC -> 1086	STHNTJA01B029	0wbjqz9r
2021.01.28, 10:23:20.0707 UTC -> 1087	STHNTJA01B030	9si277lw
2021.01.28, 10:23:20.0707 UTC -> 1088	STHNTJA01B031	1f9i2xyc
2021.01.28, 10:23:20.0707 UTC -> 1089	STHNTJA01B032	pexnryce
2021.01.28, 10:23:20.0707 UTC -> 1090	STHNTJA01B033	assmxijm
2021.01.28, 10:23:20.0707 UTC -> 1091	STHNTJA01B034	wcxu4mno
2021.01.28, 10:23:20.0707 UTC -> 1092	STHNTJA01B035	2kix2s2a
2021.01.28, 10:23:20.0707 UTC -> 1093	STHNTJA01B036	6dql3yvh
2021.01.28, 10:23:20.0707 UTC -> 1094	STHNTJA01B037	7h23l29e
2021.01.28, 10:23:20.0707 UTC -> 1095	STHNTJA01B038	vtjkitle
2021.01.28, 10:23:20.0707 UTC -> 1096	STHNTJA01B039	78f23ehb
2021.01.28, 10:23:20.0707 UTC -> 1097	STHNTJA01B040	fzbbjfbv
2021.01.28, 10:23:20.0707 UTC -> 1098	STHNTJA01B041	a6einzun
2021.01.28, 10:23:20.0707 UTC -> 1099	STHNTJA01B042	mgn6xqrs
2021.01.28, 10:23:20.0707 UTC -> 1100	STHNTJA01B043	k5yy20d7
2021.01.28, 10:23:20.0707 UTC -> 1101	STHNTJA01C000	8ru9z4ob
2021.01.28, 10:23:20.0707 UTC -> 1102	STHNTJA01C001	h7ls2pkt
2021.01.28, 10:23:20.0707 UTC -> 1103	STHNTJA01C002	52xgniid
2021.01.28, 10:23:20.0707 UTC -> 1104	STHNTJA01C003	4hyh2ajc
2021.01.28, 10:23:20.0707 UTC -> 1105	STHNTJA01C004	88ts52hy
2021.01.28, 10:23:20.0707 UTC -> 1106	STHNTJA01C005	cd650h2k
2021.01.28, 10:23:20.0707 UTC -> 1107	STHNTJA01C006	ojhl29id
2021.01.28, 10:23:20.0707 UTC -> 1108	STHNTJA01C007	m2y8686f
2021.01.28, 10:23:20.0707 UTC -> 1109	STHNTJA01C008	r83eu5pd
2021.01.28, 10:23:20.0707 UTC -> 1110	STHNTJA01C009	cokh8vza
2021.01.28, 10:23:20.0707 UTC -> 1111	STHNTJA01C010	v4p0dsdk
2021.01.28, 10:23:20.0707 UTC -> 1112	STHNTJA01C011	4msokj4q
2021.01.28, 10:23:20.0707 UTC -> 1113	STHNTJA01C012	22ksn5ro
2021.01.28, 10:23:20.0707 UTC -> 1114	STHNTJA01C013	3yt04y2i
2021.01.28, 10:23:20.0707 UTC -> 1115	STHNTJA01C014	csp2b3hs
2021.01.28, 10:23:20.0707 UTC -> 1116	STHNTJA01C015	rptpr067
2021.01.28, 10:23:20.0707 UTC -> 1117	STHNTJA01C016	s41952kr
2021.01.28, 10:23:20.0707 UTC -> 1118	STHNTJA01C017	nyijz7wo
2021.01.28, 10:23:20.0707 UTC -> 1119	STHNTJA01C018	9uen7lug
2021.01.28, 10:23:20.0707 UTC -> 1120	STHNTJA01C019	avwg53kp
2021.01.28, 10:23:20.0707 UTC -> 1121	STHNTJA01C020	c5hrdsqj
2021.01.28, 10:23:20.0707 UTC -> 1122	STHNTJA01C021	9d9ogbiu
2021.01.28, 10:23:20.0707 UTC -> 1123	STHNTJA01C022	nsmk816h
2021.01.28, 10:23:20.0707 UTC -> 1124	STHNTJA01C023	uqt48me3
2021.01.28, 10:23:20.0707 UTC -> 1125	STHNTJA01C024	87to568m
2021.01.28, 10:23:20.0707 UTC -> 1126	STHNTJA01C025	b6h7jhfw
2021.01.28, 10:23:20.0707 UTC -> 1127	STHNTJA01C026	b03zbmn9
2021.01.28, 10:23:20.0707 UTC -> 1128	STHNTJA01C027	gw89k339
2021.01.28, 10:23:20.0707 UTC -> 1129	STHNTJA01C028	rz7kncfa
2021.01.28, 10:23:20.0707 UTC -> 1130	STHNTJA01C029	4upecjzk
2021.01.28, 10:23:20.0707 UTC -> 1131	STHNTJA01C030	5c7w0at2
2021.01.28, 10:23:20.0708 UTC -> 1132	STHNTJA01C031	9d39d8d5
2021.01.28, 10:23:20.0708 UTC -> 1133	STHNTJA01C032	rug2f0lo
2021.01.28, 10:23:20.0708 UTC -> 1134	STHNTJA01C033	foanylnv
2021.01.28, 10:23:20.0708 UTC -> 1135	STHNTJA01C034	urvgr5v4
2021.01.28, 10:23:20.0708 UTC -> 1136	STHNTJA01C035	klt9qul5
2021.01.28, 10:23:20.0708 UTC -> 1137	STHNTJA01C036	pc6cs7d4
2021.01.28, 10:23:20.0708 UTC -> 1138	STHNTJA01C037	dzywibbn
2021.01.28, 10:23:20.0708 UTC -> 1139	STHNTJA01C038	rshb0aaf
2021.01.28, 10:23:20.0708 UTC -> 1140	STHNTJA01C039	xe5lt7z9
2021.01.28, 10:23:20.0708 UTC -> 1141	STHNTJA01C040	8naqwe7k
2021.01.28, 10:23:20.0708 UTC -> 1142	STHNTJA01C041	kskdcgru
2021.01.28, 10:23:20.0708 UTC -> 1143	STHNTJA01C042	9amk6f09
2021.01.28, 10:23:20.0708 UTC -> 1144	STHNTJA01C043	7q3t5xwk
2021.01.28, 10:23:20.0708 UTC -> 1145	STHNTJA01C044	tthh01in
2021.01.28, 10:23:20.0708 UTC -> 1146	STHNTJA01C045	xtjcvu4w
2021.01.28, 10:23:20.0708 UTC -> 1147	STHNTJA01C046	xwmo030c
2021.01.28, 10:23:20.0708 UTC -> 1148	STHNTJA01D000	q85a1o4c
2021.01.28, 10:23:20.0708 UTC -> 1149	STHNTJA01D001	c0cuafhq
2021.01.28, 10:23:20.0708 UTC -> 1150	STHNTJA01D002	1421n0vx
2021.01.28, 10:23:20.0708 UTC -> 1151	STHNTJA01D003	3dvlm46f
2021.01.28, 10:23:20.0708 UTC -> 1152	STHNTJA01D004	c8igv7ek
2021.01.28, 10:23:20.0708 UTC -> 1153	STHNTJA01D005	uf29xl1x
2021.01.28, 10:23:20.0722 UTC -> 1154	STHDCT01A000	v5dh0u28
2021.01.28, 10:23:20.0722 UTC -> 1155	STHDCT01A001	i2p96vic
2021.01.28, 10:23:20.0722 UTC -> 1156	STHDCT01A002	pjbsbdhe
2021.01.28, 10:23:20.0722 UTC -> 1157	STHDCT01A003	3fjqlz9m
2021.01.28, 10:23:20.0722 UTC -> 1158	STHDCT01A004	sc694oxa
2021.01.28, 10:23:20.0722 UTC -> 1160	STHDCT01A006	ghd11bob
2021.01.28, 10:23:20.0722 UTC -> 1159	STHDCT01A005	iy5dk5dn
2021.01.28, 10:23:20.0722 UTC -> 1161	STHDCT01A007	0asal6rj
2021.01.28, 10:23:20.0722 UTC -> 1162	STHDCT01A008	3o0v9v7s
2021.01.28, 10:23:20.0722 UTC -> 1163	STHDCT01A009	5r5nbjk8
2021.01.28, 10:23:20.0722 UTC -> 1164	STHDCT01A010	s41f0um8
2021.01.28, 10:23:20.0722 UTC -> 1165	STHDCT01A011	cjiwqo13
2021.01.28, 10:23:20.0723 UTC -> 1166	STHDCT01A012	0a7fv4mr
2021.01.28, 10:23:20.0723 UTC -> 1167	STHDCT01A013	z946fjxg
2021.01.28, 10:23:20.0723 UTC -> 1168	STHDCT01A014	58ad9mtp
2021.01.28, 10:23:20.0723 UTC -> 1169	STHDCT01A015	aqvwmang
2021.01.28, 10:23:20.0723 UTC -> 1170	STHDCT01A016	bsma2nqi
2021.01.28, 10:23:20.0723 UTC -> 1171	STHDCT01A017	vg8o5ils
2021.01.28, 10:23:20.0723 UTC -> 1172	STHDCT01B000	dcupdg56
2021.01.28, 10:23:20.0723 UTC -> 1173	STHDCT01B001	mibrgppc
2021.01.28, 10:23:20.0723 UTC -> 1175	STHDCT01B003	aoaqvly5
2021.01.28, 10:23:20.0723 UTC -> 1177	STHDCT01B005	86kxo646
2021.01.28, 10:23:20.0723 UTC -> 1176	STHDCT01B004	8vn34mj8
2021.01.28, 10:23:20.0723 UTC -> 1174	STHDCT01B002	bgz40a0t
2021.01.28, 10:23:20.0723 UTC -> 1178	STHDCT01B006	do3jwlyp
2021.01.28, 10:23:20.0723 UTC -> 1179	STHDCT01B007	m5tcpdlg
2021.01.28, 10:23:20.0723 UTC -> 1180	STHDCT01B008	grmwocas
2021.01.28, 10:23:20.0723 UTC -> 1181	STHDCT01B009	iymzg373
2021.01.28, 10:23:20.0723 UTC -> 1182	STHDCT01B010	if3tfrob
2021.01.28, 10:23:20.0723 UTC -> 1183	STHDCT01B011	t2j7wxra
2021.01.28, 10:23:20.0723 UTC -> 1184	STHDCT01B012	9v0mm7x8
2021.01.28, 10:23:20.0723 UTC -> 1185	STHDCT01B013	n5xhxjyw
2021.01.28, 10:23:20.0723 UTC -> 1186	STHDCT01B014	scaej65v
2021.01.28, 10:23:20.0723 UTC -> 1187	STHDCT01B015	3ix8nsme
2021.01.28, 10:23:20.0723 UTC -> 1188	STHDCT01B016	loqu2u0e
2021.01.28, 10:23:20.0723 UTC -> 1189	STHDCT01B017	2dwnirpp
2021.01.28, 10:23:20.0723 UTC -> 1190	STHDCT01B018	hw5xoghn
2021.01.28, 10:23:20.0723 UTC -> 1191	STHDCT01B019	azaxekgb
2021.01.28, 10:23:20.0723 UTC -> 1192	STHDCT01B020	l0bhpa7i
2021.01.28, 10:23:20.0723 UTC -> 1193	STHDCT01B021	6e9p1c2e
2021.01.28, 10:23:20.0723 UTC -> 1194	STHDCT01B022	2pw2hx8f
2021.01.28, 10:23:20.0723 UTC -> 1195	STHDCT01B023	881fpz8h
2021.01.28, 10:23:20.0723 UTC -> 1196	STHDCT01B024	y2p6tm2a
2021.01.28, 10:23:20.0723 UTC -> 1197	STHDCT01B025	6nj1pebg
2021.01.28, 10:23:20.0723 UTC -> 1198	STHDCT01B026	k6hj2xwq
2021.01.28, 10:23:20.0723 UTC -> 1199	STHDCT01B027	dccd0y4j
2021.01.28, 10:23:20.0723 UTC -> 1200	STHDCT01B028	ygm76mnl
2021.01.28, 10:23:20.0723 UTC -> 1201	STHDCT01B029	jc5delnu
2021.01.28, 10:23:20.0724 UTC -> 1202	STHDCT01B030	pckvbqp5
2021.01.28, 10:23:20.0724 UTC -> 1203	STHDCT01B031	m7v8uu3q
2021.01.28, 10:23:20.0724 UTC -> 1204	STHDCT01B032	h2wvrjpl
2021.01.28, 10:23:20.0724 UTC -> 1205	STHDCT01B033	zpr4sinj
2021.01.28, 10:23:20.0724 UTC -> 1206	STHDCT01B034	dd1ctfqq
2021.01.28, 10:23:20.0724 UTC -> 1207	STHDCT01B035	j5kc5llj
2021.01.28, 10:23:20.0724 UTC -> 1208	STHDCT01B036	0w4shofw
2021.01.28, 10:23:20.0724 UTC -> 1209	STHDCT01B037	ec1boteq
2021.01.28, 10:23:20.0724 UTC -> 1210	STHDCT01B038	sss1hqr9
2021.01.28, 10:23:20.0724 UTC -> 1211	STHDCT01B039	rutuupsg
2021.01.28, 10:23:20.0724 UTC -> 1212	STHDCT01B040	8x5h0888
2021.01.28, 10:23:20.0724 UTC -> 1213	STHDCT01B041	la75rl5h
2021.01.28, 10:23:20.0724 UTC -> 1214	STHDCT01C000	16s6jj4q
2021.01.28, 10:23:20.0724 UTC -> 1215	STHDCT01C001	g15p91fa
2021.01.28, 10:23:20.0724 UTC -> 1216	STHDCT01C002	mwmdylal
2021.01.28, 10:23:20.0724 UTC -> 1217	STHDCT01C003	6pm55y8y
2021.01.28, 10:23:20.0724 UTC -> 1218	STHDCT01C004	fjmo5u9i
2021.01.28, 10:23:20.0724 UTC -> 1219	STHDCT01C005	g70f7h0l
2021.01.28, 10:23:20.0724 UTC -> 1220	STHDCT01C006	6lxul5uo
2021.01.28, 10:23:20.0724 UTC -> 1221	STHDCT01C007	xm98lgn6
2021.01.28, 10:23:20.0724 UTC -> 1222	STHDCT01C008	bnvnctin
2021.01.28, 10:23:20.0724 UTC -> 1223	STHDCT01C009	07hxcgvf
2021.01.28, 10:23:20.0724 UTC -> 1224	STHDCT01C010	xhu8j01m
2021.01.28, 10:23:20.0724 UTC -> 1225	STHDCT01C011	1pwframh
2021.01.28, 10:23:20.0724 UTC -> 1226	STHDCT01C012	u841st6q
2021.01.28, 10:23:20.0724 UTC -> 1227	STHDCT01C013	tg4x4hnh
2021.01.28, 10:23:20.0724 UTC -> 1228	STHDCT01C014	hqjvwwtv
2021.01.28, 10:23:20.0724 UTC -> 1229	STHDCT01C015	5ucvzlrk
2021.01.28, 10:23:20.0724 UTC -> 1230	STHDCT01C016	qgiv770d
2021.01.28, 10:23:20.0724 UTC -> 1231	STHDCT01C017	omcq2ufj
2021.01.28, 10:23:20.0724 UTC -> 1232	STHDCT01C018	wqbsn06w
2021.01.28, 10:23:20.0724 UTC -> 1233	STHDCT01C019	mktjyvmc
2021.01.28, 10:23:20.0724 UTC -> 1234	STHDCT01C020	y4dvl80k
2021.01.28, 10:23:20.0724 UTC -> 1235	STHDCT01C021	sj9ckxhd
2021.01.28, 10:23:20.0724 UTC -> 1236	STHDCT01C022	onmjdn3n
2021.01.28, 10:23:20.0724 UTC -> 1237	STHDCT01C023	dgo41gvj
2021.01.28, 10:23:20.0725 UTC -> 1238	STHDCT01C024	u21282s8
2021.01.28, 10:23:20.0725 UTC -> 1239	STHDCT01C025	vsbjf5h9
2021.01.28, 10:23:20.0725 UTC -> 1240	STHDCT01C026	4hwshvox
2021.01.28, 10:23:20.0725 UTC -> 1241	STHDCT01C027	29xhm724
2021.01.28, 10:23:20.0725 UTC -> 1242	STHDCT01C028	dtf0fb4d
2021.01.28, 10:23:20.0725 UTC -> 1243	STHDCT01C029	xbj8e3fw
2021.01.28, 10:23:20.0725 UTC -> 1244	STHDCT01C030	7tinngdc
2021.01.28, 10:23:20.0725 UTC -> 1245	STHDCT01C031	1sshaznc
2021.01.28, 10:23:20.0725 UTC -> 1246	STHDCT01C032	w3dyix6p
2021.01.28, 10:23:20.0725 UTC -> 1247	STHDCT01C033	s4sk6hkm
2021.01.28, 10:23:20.0725 UTC -> 1248	STHDCT01C034	48ovzs3x
2021.01.28, 10:23:20.0725 UTC -> 1249	STHDCT01C035	8h8dj4f2
2021.01.28, 10:23:20.0725 UTC -> 1250	STHDCT01C036	n81gymnk
2021.01.28, 10:23:20.0725 UTC -> 1251	STHDCT01C037	krvwov8m
2021.01.28, 10:23:20.0725 UTC -> 1252	STHDCT01C038	vqmfwa6n
2021.01.28, 10:23:20.0725 UTC -> 1253	STHDCT01C039	tj18jq5i
2021.01.28, 10:23:20.0725 UTC -> 1254	STHDCT01C040	iel7q7b1
2021.01.28, 10:23:20.0725 UTC -> 1255	STHDCT01C041	b1fuhp3a
2021.01.28, 10:23:20.0725 UTC -> 1256	STHDCT01C042	xlrcoaff
2021.01.28, 10:23:20.0725 UTC -> 1257	STHDCT01C043	ifrbjivp
2021.01.28, 10:23:20.0725 UTC -> 1258	STHDCT01C044	lp4kxy7y
2021.01.28, 10:23:20.0725 UTC -> 1259	STHDCT01C045	2bmyw8fs
2021.01.28, 10:23:20.0725 UTC -> 1260	STHDCT01C046	y1sfieyt
2021.01.28, 10:23:20.0725 UTC -> 1261	STHDCT01C047	fz02wihk
2021.01.28, 10:23:20.0725 UTC -> 1262	STHDCT01D000	7wj0e00s
2021.01.28, 10:23:20.0725 UTC -> 1263	STHDCT01D001	ggtfbklt
2021.01.28, 10:23:20.0725 UTC -> 1264	STHDCT01D002	otj0injt
2021.01.28, 10:23:20.0725 UTC -> 1265	STHDCT01D003	wfxngc9j
2021.01.28, 10:23:20.0725 UTC -> 1266	STHDCT01D004	porgo7ot
2021.01.28, 10:23:20.0725 UTC -> 1267	STHDCT01D005	y5ncw5qq
2021.01.28, 10:23:20.0725 UTC -> 1268	STHDCT01D006	z9znvkmb
2021.01.28, 10:23:20.0725 UTC -> 1269	STHDCT01D007	mjzk9mib
2021.01.28, 10:23:20.0725 UTC -> 1270	STHDCT01D008	546b904b
2021.01.28, 10:23:20.0725 UTC -> 1271	STHDCT01D009	3am9983e
2021.01.28, 10:23:20.0725 UTC -> 1272	STHDCT01D010	fy6deibl
2021.01.28, 10:23:20.0725 UTC -> 1273	STHDCT01D011	q3nomq4x
2021.01.28, 10:23:20.0725 UTC -> 1274	STHDCT01D012	fruk2mlo
2021.01.28, 10:23:20.0725 UTC -> 1275	STHDCT01D013	3fsm8wto
2021.01.28, 10:23:20.0725 UTC -> 1276	STHDCT01D014	qcej088d
2021.01.28, 10:23:20.0725 UTC -> 1277	STHDCT01D015	ydcbcyey
2021.01.28, 10:23:20.0725 UTC -> 1278	STHDCT01D016	pyiapti6
2021.01.28, 10:23:20.0725 UTC -> 1279	STHDCT01D017	9try9t6p
2021.01.28, 10:23:20.0725 UTC -> 1280	STHDCT01D018	0109ejor
2021.01.28, 10:23:20.0725 UTC -> 1281	STHDCT01D019	1dbg4tyw
2021.01.28, 10:23:20.0725 UTC -> 1282	STHDCT01D020	cgq9aeir
2021.01.28, 10:23:20.0725 UTC -> 1283	STHDCT01D021	mvqz5mdk
2021.01.28, 10:23:20.0725 UTC -> 1284	STHDCT01E000	qrkjge2j
2021.01.28, 10:23:20.0725 UTC -> 1285	STHDCT01E001	h7bbzw4p
2021.01.28, 10:23:20.0725 UTC -> 1286	STHDCT01E002	azry5fxq
2021.01.28, 10:23:20.0725 UTC -> 1287	STHDCT01E003	9etiowa6
2021.01.28, 10:23:20.0725 UTC -> 1288	STHDCT01E004	6ods8guy
2021.01.28, 10:23:20.0725 UTC -> 1289	STHDCT01E005	jysuczfd
2021.01.28, 10:23:20.0725 UTC -> 1290	STHDCT01E006	xx9niryq
